<?xml version="1.0" encoding="UTF-8"?>
<robot generator="Robot 3.1.2 (Python 3.7.4 on win32)" generated="20191031 11:06:09.122" rpa="false">
<suite id="s1" name="Api Test" source="C:\RBF\exercises_api\api_test.robot">
<test id="s1-t1" name="Scenario: API Get all books">
<kw name="Given I'm the API consumer" library="resource">
<kw name="Create Session" library="RequestsLibrary">
<doc>Create Session: create a HTTP session to a server</doc>
<arguments>
<arg>API</arg>
<arg>${URL}</arg>
</arguments>
<msg timestamp="20191031 11:06:10.187" level="INFO">Creating Session using : alias=API, url=http://namstest.got.volvo.net:4000/api, headers={},                     cookies=None, auth=None, timeout=None, proxies=None, verify=False,                     debug=0 </msg>
<status status="PASS" starttime="20191031 11:06:10.186" endtime="20191031 11:06:10.188"></status>
</kw>
<status status="PASS" starttime="20191031 11:06:10.186" endtime="20191031 11:06:10.188"></status>
</kw>
<kw name="When I try to get from the endpoint" library="resource">
<kw name="Get Request" library="RequestsLibrary">
<doc>Send a GET request on the session object found using the
given `alias`</doc>
<arguments>
<arg>API</arg>
<arg>${ENDPOINT}</arg>
</arguments>
<assign>
<var>${RESPONSE}</var>
</assign>
<msg timestamp="20191031 11:06:17.853" level="INFO">Get Request using : alias=API, uri=books, headers=None json=None</msg>
<msg timestamp="20191031 11:06:17.854" level="INFO">${RESPONSE} = &lt;Response [200]&gt;</msg>
<status status="PASS" starttime="20191031 11:06:10.189" endtime="20191031 11:06:17.854"></status>
</kw>
<kw name="Log" library="BuiltIn">
<doc>Logs the given message with the given level.</doc>
<arguments>
<arg>${RESPONSE.content}</arg>
</arguments>
<msg timestamp="20191031 11:06:17.903" level="INFO">[{"read":true,"_id":"5da459afbe42cd0ebfde0cb2","title":"string","genre":"string","author":"string"},{"read":false,"_id":"5da459afbe42cd0ebfde0cb3","title":"Childhood","genre":"Biography","author":"Lev Nikolayevich Tolstoy"},{"read":true,"_id":"5da47852d8e3122be895fcea","title":"string","genre":"string","author":"string","__v":0},{"read":false,"_id":"5da49169d8e3122be895fceb","__v":0},{"read":false,"_id":"5da4918ed8e3122be895fcec","__v":0},{"read":false,"_id":"5da49342d8e3122be895fced","__v":0},{"read":false,"_id":"5da493f6d8e3122be895fcee","__v":0},{"read":false,"_id":"5da49403d8e3122be895fcef","__v":0},{"read":false,"_id":"5da4941cd8e3122be895fcf0","__v":0},{"read":false,"_id":"5da4942ed8e3122be895fcf1","__v":0},{"read":false,"_id":"5da49438d8e3122be895fcf2","genre":"Romance","title":"Dom Casmurro","author":"Machado de Assis","__v":0},{"read":false,"_id":"5da4944ed8e3122be895fcf3","genre":"Romance","title":"Dom Casmurro","author":"Machado de Assis","__v":0},{"read":false,"_id":"5da494e8d8e3122be895fcf4","genre":"Romance","title":"Dom Casmurro","author":"Machado de Assis","__v":0},{"read":false,"_id":"5da49562d8e3122be895fcf5","genre":"Romance","title":"Dom Casmurro","author":"Machado de Assis","__v":0},{"read":false,"_id":"5da4981dd8e3122be895fcf6","genre":"Romance","title":"Dom Casmurro","author":"Machado de Assis","__v":0},{"read":false,"_id":"5da4a2a4d8e3122be895fcf7","genre":"Romance","title":"Dom Casmurro","author":"Machado de Assis","__v":0},{"read":false,"_id":"5da4a2a5d8e3122be895fcf8","genre":"Romance","title":"Dom Casmurro","author":"Machado de Assis","__v":0},{"read":false,"_id":"5da4a2ddd8e3122be895fcf9","genre":"Romance","title":"Dom Casmurro","author":"Machado de Assis","__v":0},{"read":false,"_id":"5da4a2ded8e3122be895fcfa","genre":"Romance","title":"Dom Casmurro","author":"Machado de Assis","__v":0},{"read":false,"_id":"5da4a320d8e3122be895fcfb","genre":"Romance","title":"Dom Casmurro","author":"Machado de Assis","__v":0},{"read":false,"_id":"5da4a321d8e3122be895fcfc","genre":"Romance","title":"Dom Casmurro","author":"Machado de Assis","__v":0},{"read":false,"_id":"5da4a322d8e3122be895fcfd","genre":"Romance","title":"Dom Casmurro","author":"Machado de Assis","__v":0},{"read":false,"_id":"5da4a36fd8e3122be895fcfe","genre":"Romance","title":"Dom Casmurro","author":"Machado de Assis","__v":0},{"read":false,"_id":"5da4a36fd8e3122be895fcff","genre":"Romance","title":"Dom Casmurro","author":"Machado de Assis","__v":0},{"read":false,"_id":"5da4a370d8e3122be895fd00","genre":"Romance","title":"Dom Casmurro","author":"Machado de Assis","__v":0},{"read":false,"_id":"5da4a37ed8e3122be895fd01","genre":"Romance","title":"Dom Casmurro","author":"Machado de Assis","__v":0},{"read":false,"_id":"5da4a37ed8e3122be895fd02","genre":"Romance","title":"Dom Casmurro","author":"Machado de Assis","__v":0},{"read":false,"_id":"5da4a37fd8e3122be895fd03","genre":"Romance","title":"Dom Casmurro","author":"Machado de Assis","__v":0},{"read":false,"_id":"5da4a5f5d8e3122be895fd04","genre":"Romance","title":"Dom Casmurro","author":"Machado de Assis","__v":0},{"read":false,"_id":"5da4a5f6d8e3122be895fd05","genre":"Romance","title":"Dom Casmurro","author":"Machado de Assis","__v":0},{"read":false,"_id":"5da4a5f7d8e3122be895fd06","genre":"Romance","title":"Dom Casmurro","author":"Machado de Assis","__v":0},{"read":false,"_id":"5da4a649d8e3122be895fd07","genre":"Romance","title":"Dom Casmurro","author":"Machado de Assis","__v":0},{"read":false,"_id":"5da4a649d8e3122be895fd08","genre":"Romance","title":"Dom Casmurro","author":"Machado de Assis","__v":0},{"read":false,"_id":"5da4a64ad8e3122be895fd09","genre":"Romance","title":"Dom Casmurro","author":"Machado de Assis","__v":0},{"read":false,"_id":"5da4a66cd8e3122be895fd0a","genre":"Romance","title":"Dom Casmurro","author":"Machado de Assis","__v":0},{"read":false,"_id":"5da4a66dd8e3122be895fd0b","genre":"Romance","title":"Dom Casmurro","author":"Machado de Assis","__v":0},{"read":false,"_id":"5da4a66ed8e3122be895fd0c","genre":"Romance","title":"Dom Casmurro","author":"Machado de Assis","__v":0},{"read":false,"_id":"5da4a68ad8e3122be895fd0d","genre":"Romance","title":"Dom Casmurro","author":"Machado de Assis","__v":0},{"read":false,"_id":"5da4a68bd8e3122be895fd0e","genre":"Romance","title":"Dom Casmurro","author":"Machado de Assis","__v":0},{"read":false,"_id":"5da4a68cd8e3122be895fd0f","genre":"Romance","title":"Dom Casmurro","author":"Machado de Assis","__v":0},{"read":false,"_id":"5da4a6d4d8e3122be895fd10","genre":"Romance","title":"Dom Casmurro","author":"Machado de Assis","__v":0},{"read":false,"_id":"5da4a6d4d8e3122be895fd11","genre":"Romance","title":"Dom Casmurro","author":"Machado de Assis","__v":0},{"read":false,"_id":"5da4a6d5d8e3122be895fd12","genre":"Romance","title":"Dom Casmurro","author":"Machado de Assis","__v":0},{"read":false,"_id":"5da4a6eed8e3122be895fd13","genre":"Romance","title":"Dom Casmurro","author":"Machado de Assis","__v":0},{"read":false,"_id":"5da4a6efd8e3122be895fd14","genre":"Romance","title":"Dom Casmurro","author":"Machado de Assis","__v":0},{"read":false,"_id":"5da4a6efd8e3122be895fd15","genre":"Romance","title":"Dom Casmurro","author":"Machado de Assis","__v":0},{"read":false,"_id":"5db8736fd84d8c3e8c629e59","genre":"Romance","title":"Dom Casmurro","author":"Machado de Assis","__v":0},{"read":false,"_id":"5db87370d84d8c3e8c629e5a","genre":"Romance","title":"Dom Casmurro","author":"Machado de Assis","__v":0},{"read":false,"_id":"5db87371d84d8c3e8c629e5b","genre":"Romance","title":"Dom Casmurro","author":"Machado de Assis","__v":0},{"read":false,"_id":"5db8860ed84d8c3e8c629e5c","genre":"Romance","title":"Dom Casmurro","author":"Machado de Assis","__v":0},{"read":false,"_id":"5db8860fd84d8c3e8c629e5d","genre":"Romance","title":"Dom Casmurro","author":"Machado de Assis","__v":0},{"read":false,"_id":"5db88610d84d8c3e8c629e5e","genre":"Romance","title":"Dom Casmurro","author":"Machado de Assis","__v":0},{"read":false,"_id":"5db8865dd84d8c3e8c629e5f","genre":"Romance","title":"Dom Casmurro","author":"Machado de Assis","__v":0},{"read":false,"_id":"5db8865dd84d8c3e8c629e60","genre":"Romance","title":"Dom Casmurro","author":"Machado de Assis","__v":0},{"read":false,"_id":"5db8865ed84d8c3e8c629e61","genre":"Romance","title":"Dom Casmurro","author":"Machado de Assis","__v":0},{"read":false,"_id":"5db886c3d84d8c3e8c629e62","genre":"Romance","title":"Dom Casmurro","author":"Machado de Assis","__v":0},{"read":false,"_id":"5db887a3d84d8c3e8c629e63","genre":"Romance","title":"Dom Casmurro","author":"Machado de Assis","__v":0},{"read":false,"_id":"5db96dd3d84d8c3e8c629e64","genre":"Romance","title":"Dom Casmurro","author":"Machado de Assis","__v":0},{"read":false,"_id":"5db96fa9d84d8c3e8c629e65","genre":"Romance","title":"Dom Casmurro","author":"Machado de Assis","__v":0},{"read":false,"_id":"5db98bb6d84d8c3e8c629e66","title":"analise tecnica the book is on the table","genre":"english nao sei","author":"Joseilton Paulo Barbosa","__v":0},{"read":false,"_id":"5db98d62d84d8c3e8c629e67","genre":"Romance","title":"Dom Casmurro","author":"Machado de Assis","__v":0},{"read":false,"_id":"5db98d63d84d8c3e8c629e68","genre":"Romance","title":"Dom Casmurro","author":"Machado de Assis","__v":0},{"read":false,"_id":"5db98d6ad84d8c3e8c629e69","genre":"Romance","title":"Dom Casmurro","author":"Machado de Assis","__v":0},{"read":false,"_id":"5db98d78d84d8c3e8c629e6a","genre":"Romance","title":"Dom Casmurro","author":"Machado de Assis","__v":0},{"read":false,"_id":"5db98d7dd84d8c3e8c629e6b","genre":"Romance","title":"Dom Casmurro","author":"Machado de Assis","__v":0},{"read":false,"_id":"5db98d87d84d8c3e8c629e6c","genre":"Romance","title":"Dom Casmurro","author":"Machado de Assis","__v":0},{"read":false,"_id":"5db98d89d84d8c3e8c629e6d","genre":"Romance","title":"Dom Casmurro","author":"Machado de Assis","__v":0},{"read":false,"_id":"5db98d94d84d8c3e8c629e6e","genre":"Romance","title":"Dom Casmurro","author":"Machado de Assis","__v":0},{"read":false,"_id":"5db98d9bd84d8c3e8c629e6f","genre":"Romance","title":"Dom Casmurro","author":"Machado de Assis","__v":0},{"read":false,"_id":"5db98db3d84d8c3e8c629e70","genre":"Romance","title":"Dom Casmurro","author":"Machado de Assis","__v":0},{"read":false,"_id":"5db98e3ed84d8c3e8c629e71","genre":"Romance","title":"Dom Casmurro","author":"Machado de Assis","__v":0},{"read":false,"_id":"5db98edbd84d8c3e8c629e72","genre":"Romance","title":"Dom Casmurro","author":"Machado de Assis","__v":0},{"read":false,"_id":"5db98edbd84d8c3e8c629e73","genre":"Romance","title":"Dom Casmurro","author":"Machado de Assis","__v":0},{"read":false,"_id":"5db98ee0d84d8c3e8c629e74","genre":"Romance","title":"Dom Casmurro","author":"Machado de Assis","__v":0},{"read":false,"_id":"5db98ee4d84d8c3e8c629e75","genre":"Romance","title":"Dom Casmurro","author":"Machado de Assis","__v":0},{"read":false,"_id":"5db98f04d84d8c3e8c629e76","genre":"Romance","title":"Dom Casmurro","author":"Machado de Assis","__v":0},{"read":false,"_id":"5db98f06d84d8c3e8c629e77","genre":"Romance","title":"Dom Casmurro","author":"Machado de Assis","__v":0},{"read":false,"_id":"5db98f1dd84d8c3e8c629e78","genre":"Romance","title":"Dom Casmurro","author":"Machado de Assis","__v":0},{"read":false,"_id":"5db98f45d84d8c3e8c629e79","genre":"Romance","title":"Dom Casmurro","author":"Machado de Assis","__v":0},{"read":false,"_id":"5db98f4fd84d8c3e8c629e7a","genre":"Romance","title":"Dom Casmurro","author":"Machado de Assis","__v":0},{"read":false,"_id":"5db98f53d84d8c3e8c629e7b","genre":"Romance","title":"Dom Casmurro","author":"Machado de Assis","__v":0},{"read":false,"_id":"5db98fafd84d8c3e8c629e7c","genre":"Romance","title":"Dom Casmurro","author":"Machado de Assis","__v":0},{"read":false,"_id":"5db98fb4d84d8c3e8c629e7d","genre":"Romance","title":"Dom Casmurro","author":"Machado de Assis","__v":0},{"read":false,"_id":"5db98fd2d84d8c3e8c629e7e","genre":"Romance","title":"Dom Casmurro","author":"Machado de Assis","__v":0},{"read":false,"_id":"5db98fddd84d8c3e8c629e7f","genre":"Romance","title":"Dom Casmurro","author":"Machado de Assis","__v":0},{"read":false,"_id":"5db98fe4d84d8c3e8c629e80","genre":"Romance","title":"Dom Casmurro","author":"Machado de Assis","__v":0},{"read":false,"_id":"5db99023d84d8c3e8c629e81","genre":"Romance","title":"Dom Casmurro","author":"Machado de Assis","__v":0},{"read":false,"_id":"5db99039d84d8c3e8c629e82","genre":"Romance","title":"Dom Casmurro","author":"Machado de Assis","__v":0},{"read":false,"_id":"5db99046d84d8c3e8c629e83","genre":"Romance","title":"Dom Casmurro","author":"Machado de Assis","__v":0},{"read":false,"_id":"5db99066d84d8c3e8c629e84","genre":"Romance","title":"Dom Casmurro","author":"Machado de Assis","__v":0},{"read":false,"_id":"5db99073d84d8c3e8c629e85","genre":"Romance","title":"Dom Casmurro","author":"Machado de Assis","__v":0},{"read":false,"_id":"5db9908bd84d8c3e8c629e86","genre":"Romance","title":"Dom Casmurro","author":"Machado de Assis","__v":0},{"read":false,"_id":"5db9915fd84d8c3e8c629e87","genre":"Romance","title":"Dom Casmurro","author":"Machado de Assis","__v":0},{"read":false,"_id":"5db991a1d84d8c3e8c629e88","genre":"Romance","title":"Dom Casmurro","author":"Machado de Assis","__v":0},{"read":false,"_id":"5db991cad84d8c3e8c629e89","genre":"Romance","title":"Dom Casmurro","author":"Machado de Assis","__v":0},{"read":false,"_id":"5db99202d84d8c3e8c629e8a","genre":"Romance","title":"Dom Casmurro","author":"Machado de Assis","__v":0},{"read":false,"_id":"5db99214d84d8c3e8c629e8b","genre":"Romance","title":"Dom Casmurro","author":"Machado de Assis","__v":0},{"read":false,"_id":"5db99427d84d8c3e8c629e8c","genre":"Romance","title":"Dom Casmurro","author":"Machado de Assis","__v":0},{"read":false,"_id":"5db99429d84d8c3e8c629e8d","genre":"Romance","title":"Dom Casmurro","author":"Machado de Assis","__v":0},{"read":false,"_id":"5db994f1d84d8c3e8c629e8e","genre":"Romance","title":"Dom Casmurro","author":"Machado de Assis","__v":0},{"read":false,"_id":"5db994fed84d8c3e8c629e8f","genre":"Romance","title":"Dom Casmurro","author":"Machado de Assis","__v":0},{"read":false,"_id":"5db9953ad84d8c3e8c629e90","genre":"Romance","title":"Dom Casmurro","author":"Machado de Assis","__v":0},{"read":false,"_id":"5db99593d84d8c3e8c629e91","genre":"Romance","title":"Dom Casmurro","author":"Machado de Assis","__v":0},{"read":false,"_id":"5db99596d84d8c3e8c629e92","genre":"Romance","title":"Dom Casmurro","author":"Machado de Assis","__v":0},{"read":false,"_id":"5db995ded84d8c3e8c629e93","genre":"Romance","title":"Dom Casmurro","author":"Machado de Assis","__v":0},{"read":false,"_id":"5db99620d84d8c3e8c629e94","genre":"Romance","title":"Dom Casmurro","author":"Machado de Assis","__v":0},{"read":false,"_id":"5db99641d84d8c3e8c629e95","genre":"Romance","title":"Dom Casmurro","author":"Machado de Assis","__v":0},{"read":false,"_id":"5db99644d84d8c3e8c629e96","genre":"Romance","title":"Dom Casmurro","author":"Machado de Assis","__v":0},{"read":false,"_id":"5db99663d84d8c3e8c629e97","genre":"Romance","title":"Dom Casmurro","author":"Machado de Assis","__v":0},{"read":false,"_id":"5db99665d84d8c3e8c629e98","genre":"Romance","title":"Dom Casmurro","author":"Machado de Assis","__v":0},{"read":false,"_id":"5db9967dd84d8c3e8c629e99","genre":"Romance","title":"Dom Casmurro","author":"Machado de Assis","__v":0},{"read":false,"_id":"5db996aed84d8c3e8c629e9a","genre":"Romance","title":"Dom Casmurro","author":"Machado de Assis","__v":0},{"read":false,"_id":"5db996b2d84d8c3e8c629e9b","genre":"Romance","title":"Dom Casmurro","author":"Machado de Assis","__v":0},{"read":false,"_id":"5db996bed84d8c3e8c629e9c","genre":"Romance","title":"Dom Casmurro","author":"Machado de Assis","__v":0},{"read":false,"_id":"5db9970fd84d8c3e8c629e9d","genre":"Romance","title":"Dom Casmurro","author":"Machado de Assis","__v":0},{"read":false,"_id":"5db99731d84d8c3e8c629e9e","genre":"Romance","title":"Dom Casmurro","author":"Machado de Assis","__v":0},{"read":false,"_id":"5db99747d84d8c3e8c629e9f","genre":"Romance","title":"Dom Casmurro","author":"Machado de Assis","__v":0},{"read":false,"_id":"5db99765d84d8c3e8c629ea0","genre":"Romance","title":"Dom Casmurro","author":"Machado de Assis","__v":0},{"read":false,"_id":"5db99768d84d8c3e8c629ea1","genre":"Romance","title":"Dom Casmurro","author":"Machado de Assis","__v":0},{"read":false,"_id":"5db99786d84d8c3e8c629ea2","genre":"Romance","title":"Dom Casmurro","author":"Machado de Assis","__v":0},{"read":false,"_id":"5db99787d84d8c3e8c629ea3","genre":"Romance","title":"Dom Casmurro","author":"Machado de Assis","__v":0},{"read":false,"_id":"5db997cad84d8c3e8c629ea4","genre":"Romance","title":"Dom Casmurro","author":"Machado de Assis","__v":0},{"read":false,"_id":"5db997e4d84d8c3e8c629ea5","genre":"Romance","title":"Dom Casmurro","author":"Machado de Assis","__v":0},{"read":false,"_id":"5db9980ed84d8c3e8c629ea6","genre":"Romance","title":"Dom Casmurro","author":"Machado de Assis","__v":0},{"read":false,"_id":"5db99811d84d8c3e8c629ea7","genre":"Romance","title":"Dom Casmurro","author":"Machado de Assis","__v":0},{"read":false,"_id":"5db9983ed84d8c3e8c629ea8","genre":"Romance","title":"Dom Casmurro","author":"Machado de Assis","__v":0},{"read":false,"_id":"5db9987dd84d8c3e8c629ea9","genre":"Romance","title":"Dom Casmurro","author":"Machado de Assis","__v":0},{"read":false,"_id":"5db998a4d84d8c3e8c629eaa","genre":"Romance","title":"Dom Casmurro","author":"Machado de Assis","__v":0},{"read":false,"_id":"5db998add84d8c3e8c629eab","genre":"Romance","title":"Dom Casmurro","author":"Machado de Assis","__v":0},{"read":false,"_id":"5db9b027d84d8c3e8c629ead","genre":"Romance","title":"Dom Casmurro","author":"Machado de Assis","__v":0},{"read":false,"_id":"5db9b0a3d84d8c3e8c629eae","genre":"Romance","title":"Dom Casmurro","author":"Machado de Assis","__v":0},{"read":false,"_id":"5db9b0fad84d8c3e8c629eaf","genre":"Romance","title":"Dom Casmurro","author":"Machado de Assis","__v":0},{"read":true,"_id":"5db9b1abd84d8c3e8c629eb0","genre":"Drama","title":"Teste","author":"Silvas Desnte","__v":0},{"read":true,"_id":"5db9b58dd84d8c3e8c629eb1","genre":"string","title":"string","author":"string","__v":0},{"read":true,"_id":"5db9bf3fd84d8c3e8c629eb2","genre":"UPDATE","title":"UPDATE","author":"UPDATE","__v":0},{"read":false,"_id":"5db9d64ad84d8c3e8c629eb4","genre":"Romance","title":"Dom Casmurro","author":"Machado de Assis","__v":0},{"read":false,"_id":"5db9d663d84d8c3e8c629eb5","genre":"Romance","title":"Dom Casmurro","author":"Machado de Assis","__v":0},{"read":false,"_id":"5db9d7c6d84d8c3e8c629eb6","genre":"Romance","title":"Dom Casmurro","author":"Machado de Assis","__v":0},{"read":false,"_id":"5db9d7c7d84d8c3e8c629eb7","genre":"Romance","title":"O Pequeno Pr\xc3\xadncipe","author":"Antoine de Saint-Exup\xc3\xa9ry","__v":0},{"read":true,"_id":"5db9d873d84d8c3e8c629eb8","title":"string","genre":"string","author":"string","__v":0},{"read":false,"_id":"5db9da11d84d8c3e8c629eb9","genre":"Romance","title":"Dom Casmurro","author":"Machado de Assis","__v":0},{"read":false,"_id":"5db9da12d84d8c3e8c629eba","genre":"Romance","title":"O Pequeno Pr\xc3\xadncipe","author":"Antoine de Saint-Exup\xc3\xa9ry","__v":0},{"read":false,"_id":"5db9dabad84d8c3e8c629ebb","genre":"Romance","title":"Dom Casmurro","author":"Machado de Assis","__v":0},{"read":false,"_id":"5db9dabbd84d8c3e8c629ebc","genre":"Romance","title":"O Pequeno Pr\xc3\xadncipe","author":"Antoine de Saint-Exup\xc3\xa9ry","__v":0},{"read":false,"_id":"5db9db32d84d8c3e8c629ebd","genre":"Romance","title":"Dom Casmurro","author":"Machado de Assis","__v":0},{"read":false,"_id":"5db9db33d84d8c3e8c629ebe","genre":"Romance","title":"O Pequeno Pr\xc3\xadncipe","author":"Antoine de Saint-Exup\xc3\xa9ry","__v":0},{"read":false,"_id":"5db9df4ad84d8c3e8c629ebf","genre":"Romance","title":"Dom Casmurro","author":"Machado de Assis","__v":0},{"read":false,"_id":"5db9df4bd84d8c3e8c629ec0","genre":"Romance","title":"O Pequeno Pr\xc3\xadncipe","author":"Antoine de Saint-Exup\xc3\xa9ry","__v":0},{"read":false,"_id":"5dbac575d84d8c3e8c629ec1","genre":"Romance","title":"Dom Casmurro","author":"Machado de Assis","__v":0},{"read":false,"_id":"5dbac575d84d8c3e8c629ec2","genre":"Romance","title":"O Pequeno Pr\xc3\xadncipe","author":"Antoine de Saint-Exup\xc3\xa9ry","__v":0},{"read":false,"_id":"5dbac63ed84d8c3e8c629ec3","genre":"Romance","title":"Dom Casmurro","author":"Machado de Assis","__v":0},{"read":false,"_id":"5dbac63fd84d8c3e8c629ec4","genre":"Romance","title":"O Pequeno Pr\xc3\xadncipe","author":"Antoine de Saint-Exup\xc3\xa9ry","__v":0},{"read":false,"_id":"5dbac702d84d8c3e8c629ec5","genre":"Romance","title":"Dom Casmurro","author":"Machado de Assis","__v":0},{"read":false,"_id":"5dbac736d84d8c3e8c629ec6","genre":"Romance","title":"Dom Casmurro","author":"Machado de Assis","__v":0},{"read":false,"_id":"5dbac739d84d8c3e8c629ec7","genre":"Romance","title":"Dom Casmurro","author":"Machado de Assis","__v":0},{"read":false,"_id":"5dbac73ad84d8c3e8c629ec8","genre":"Romance","title":"O Pequeno Pr\xc3\xadncipe","author":"Antoine de Saint-Exup\xc3\xa9ry","__v":0},{"read":false,"_id":"5dbac744d84d8c3e8c629ec9","genre":"Romance","title":"Dom Casmurro","author":"Machado de Assis","__v":0},{"read":false,"_id":"5dbac746d84d8c3e8c629eca","genre":"Romance","title":"Dom Casmurro","author":"Machado de Assis","__v":0},{"read":false,"_id":"5dbac747d84d8c3e8c629ecb","genre":"Romance","title":"Dom Casmurro","author":"Machado de Assis","__v":0},{"read":false,"_id":"5dbac77fd84d8c3e8c629ecc","genre":"Romance","title":"Dom Casmurro","author":"Machado de Assis","__v":0},{"read":false,"_id":"5dbac794d84d8c3e8c629ecd","genre":"Romance","title":"Dom Casmurro","author":"Machado de Assis","__v":0},{"read":false,"_id":"5dbac795d84d8c3e8c629ece","genre":"Romance","title":"O Pequeno Pr\xc3\xadncipe","author":"Antoine de Saint-Exup\xc3\xa9ry","__v":0},{"read":false,"_id":"5dbac7c5d84d8c3e8c629ecf","genre":"Romance","title":"Dom Casmurro","author":"Machado de Assis","__v":0},{"read":false,"_id":"5dbac7c6d84d8c3e8c629ed0","genre":"Romance","title":"O Pequeno Pr\xc3\xadncipe","author":"Antoine de Saint-Exup\xc3\xa9ry","__v":0},{"read":false,"_id":"5dbac7e0d84d8c3e8c629ed1","genre":"Romance","title":"Dom Casmurro","author":"Machado de Assis","__v":0},{"read":false,"_id":"5dbac7f2d84d8c3e8c629ed2","genre":"Romance","title":"Dom Casmurro","author":"Machado de Assis","__v":0},{"read":false,"_id":"5dbac846d84d8c3e8c629ed3","genre":"Romance","title":"Dom Casmurro","author":"Machado de Assis","__v":0},{"read":false,"_id":"5dbac847d84d8c3e8c629ed4","genre":"Romance","title":"O Pequeno Pr\xc3\xadncipe","author":"Antoine de Saint-Exup\xc3\xa9ry","__v":0},{"read":false,"_id":"5dbac868d84d8c3e8c629ed5","genre":"Romance","title":"Dom Casmurro","author":"Machado de Assis","__v":0},{"read":false,"_id":"5dbac8a4d84d8c3e8c629ed6","genre":"Romance","title":"Dom Casmurro","author":"Machado de Assis","__v":0},{"read":false,"_id":"5dbac8a5d84d8c3e8c629ed7","genre":"Romance","title":"O Pequeno Pr\xc3\xadncipe","author":"Antoine de Saint-Exup\xc3\xa9ry","__v":0},{"read":false,"_id":"5dbac969d84d8c3e8c629ed8","genre":"Romance","title":"Dom Casmurro","author":"Machado de Assis","__v":0},{"read":false,"_id":"5dbac969d84d8c3e8c629ed9","genre":"Romance","title":"O Pequeno Pr\xc3\xadncipe","author":"Antoine de Saint-Exup\xc3\xa9ry","__v":0},{"read":false,"_id":"5dbac986d84d8c3e8c629eda","genre":"Romance","title":"Dom Casmurro","author":"Machado de Assis","__v":0},{"read":true,"_id":"5dbac987d84d8c3e8c629edb","genre":"Fic\xc3\xa7\xc3\xa3o","title":"O Pequeno Pr\xc3\xadncipe","author":"Antoine de Saint-Exup\xc3\xa9ry","__v":0},{"read":false,"_id":"5dbaca29d84d8c3e8c629edd","genre":"Romance","title":"Dom Casmurro","author":"Machado de Assis","__v":0},{"read":false,"_id":"5dbaca2ad84d8c3e8c629ede","genre":"Romance","title":"Dom Casmurro","author":"Machado de Assis","__v":0},{"read":true,"_id":"5dbaca2ad84d8c3e8c629edf","genre":"Fic\xc3\xa7\xc3\xa3o","title":"O Pequeno Pr\xc3\xadncipe","author":"Antoine de Saint-Exup\xc3\xa9ry","__v":0},{"read":false,"_id":"5dbaca2ed84d8c3e8c629ee0","genre":"Escavadeira","title":"Bernardo","author":"Avestruz","__v":0},{"read":false,"_id":"5dbaca32d84d8c3e8c629ee1","genre":"Escavadeira","title":"Bernardo","author":"Avestruz","__v":0},{"read":false,"_id":"5dbaca36d84d8c3e8c629ee2","genre":"Romance","title":"Dom Casmurro","author":"Machado de Assis","__v":0},{"read":true,"_id":"5dbaca37d84d8c3e8c629ee3","genre":"Fic\xc3\xa7\xc3\xa3o","title":"O Pequeno Pr\xc3\xadncipe","author":"Antoine de Saint-Exup\xc3\xa9ry","__v":0},{"read":false,"_id":"5dbaca4fd84d8c3e8c629ee4","genre":"Romance","title":"Dom Casmurro","author":"Machado de Assis","__v":0},{"read":true,"_id":"5dbaca4fd84d8c3e8c629ee5","genre":"Fic\xc3\xa7\xc3\xa3o","title":"O Pequeno Pr\xc3\xadncipe","author":"Antoine de Saint-Exup\xc3\xa9ry","__v":0},{"read":false,"_id":"5dbaca52d84d8c3e8c629ee6","genre":"Escavadeira","title":"Bernardo","author":"Avestruz","__v":0},{"read":false,"_id":"5dbaca55d84d8c3e8c629ee7","genre":"Romance","title":"Dom Casmurro","author":"Machado de Assis","__v":0},{"read":false,"_id":"5dbaca56d84d8c3e8c629ee8","genre":"Escavadeira","title":"Bernardo","author":"Avestruz","__v":0},{"read":false,"_id":"5dbaca90d84d8c3e8c629ee9","genre":"Romance","title":"Dom Casmurro","author":"Machado de Assis","__v":0},{"read":false,"_id":"5dbacaa2d84d8c3e8c629eea","genre":"Romance","title":"Dom Casmurro","author":"Machado de Assis","__v":0},{"read":true,"_id":"5dbacaa3d84d8c3e8c629eeb","genre":"Fic\xc3\xa7\xc3\xa3o","title":"O Pequeno Pr\xc3\xadncipe","author":"Antoine de Saint-Exup\xc3\xa9ry","__v":0},{"read":false,"_id":"5dbacaaad84d8c3e8c629eec","genre":"Escavadeira","title":"Bernardo","author":"Avestruz","__v":0},{"read":false,"_id":"5dbacaadd84d8c3e8c629eed","genre":"Escavadeira","title":"Bernardo","author":"Avestruz","__v":0},{"read":true,"_id":"5dbacac4d84d8c3e8c629eee","genre":"string","title":"string","author":"string","__v":0},{"read":false,"_id":"5dbacafdd84d8c3e8c629eef","genre":"Romance","title":"Dom Casmurro","author":"Machado de Assis","__v":0},{"read":true,"_id":"5dbacafdd84d8c3e8c629ef0","genre":"Fic\xc3\xa7\xc3\xa3o","title":"O Pequeno Pr\xc3\xadncipe","author":"Antoine de Saint-Exup\xc3\xa9ry","__v":0},{"read":false,"_id":"5dbacb29d84d8c3e8c629ef1","genre":"Romance","title":"Dom Casmurro","author":"Machado de Assis","__v":0},{"read":true,"_id":"5dbacb2ad84d8c3e8c629ef2","genre":"Fic\xc3\xa7\xc3\xa3o","title":"O Pequeno Pr\xc3\xadncipe","author":"Antoine de Saint-Exup\xc3\xa9ry","__v":0},{"read":false,"_id":"5dbacb32d84d8c3e8c629ef3","genre":"Escavadeira","title":"Bernardo","author":"Avestruz","__v":0},{"read":false,"_id":"5dbacb49d84d8c3e8c629ef4","genre":"Romance","title":"Dom Casmurro","author":"Machado de Assis","__v":0},{"read":true,"_id":"5dbacb49d84d8c3e8c629ef5","genre":"Fic\xc3\xa7\xc3\xa3o","title":"O Pequeno Pr\xc3\xadncipe","author":"Antoine de Saint-Exup\xc3\xa9ry","__v":0},{"read":false,"_id":"5dbacb56d84d8c3e8c629ef6","genre":"Romance","title":"Dom Casmurro","author":"Machado de Assis","__v":0},{"read":true,"_id":"5dbacb56d84d8c3e8c629ef7","genre":"Fic\xc3\xa7\xc3\xa3o","title":"O Pequeno Pr\xc3\xadncipe","author":"Antoine de Saint-Exup\xc3\xa9ry","__v":0},{"read":false,"_id":"5dbacbc5d84d8c3e8c629ef8","genre":"Romance","title":"Dom Casmurro","author":"Machado de Assis","__v":0},{"read":true,"_id":"5dbacbc6d84d8c3e8c629ef9","genre":"Fic\xc3\xa7\xc3\xa3o","title":"O Pequeno Pr\xc3\xadncipe","author":"Antoine de Saint-Exup\xc3\xa9ry","__v":0},{"read":false,"_id":"5dbacbd4d84d8c3e8c629efa","genre":"Escavadeira","title":"Bernardo","author":"Avestruz","__v":0},{"read":false,"_id":"5dbacbd7d84d8c3e8c629efb","genre":"Escavadeira","title":"Bernardo","author":"Avestruz","__v":0},{"read":false,"_id":"5dbacc5dd84d8c3e8c629efc","genre":"Romance","title":"Dom Casmurro","author":"Machado de Assis","__v":0},{"read":true,"_id":"5dbacc5dd84d8c3e8c629efd","genre":"Fic\xc3\xa7\xc3\xa3o","title":"O Pequeno Pr\xc3\xadncipe","author":"Antoine de Saint-Exup\xc3\xa9ry","__v":0},{"read":false,"_id":"5dbacc95d84d8c3e8c629efe","genre":"Escavadeira","title":"Bernardo","author":"Avestruz","__v":0},{"read":false,"_id":"5dbacc99d84d8c3e8c629eff","genre":"Escavadeira","title":"Bernardo","author":"Avestruz","__v":0},{"read":false,"_id":"5dbaccabd84d8c3e8c629f00","genre":"Romance","title":"Dom Casmurro","author":"Machado de Assis","__v":0},{"read":true,"_id":"5dbaccacd84d8c3e8c629f01","genre":"Fic\xc3\xa7\xc3\xa3o","title":"O Pequeno Pr\xc3\xadncipe","author":"Antoine de Saint-Exup\xc3\xa9ry","__v":0},{"read":false,"_id":"5dbaccfad84d8c3e8c629f02","genre":"Romance","title":"Dom Casmurro","author":"Machado de Assis","__v":0},{"read":true,"_id":"5dbaccfad84d8c3e8c629f03","genre":"Fic\xc3\xa7\xc3\xa3o","title":"O Pequeno Pr\xc3\xadncipe","author":"Antoine de Saint-Exup\xc3\xa9ry","__v":0},{"read":false,"_id":"5dbacd11d84d8c3e8c629f04","genre":"Romance","title":"Dom Casmurro","author":"Machado de Assis","__v":0},{"read":true,"_id":"5dbacd12d84d8c3e8c629f05","genre":"Fic\xc3\xa7\xc3\xa3o","title":"O Pequeno Pr\xc3\xadncipe","author":"Antoine de Saint-Exup\xc3\xa9ry","__v":0},{"read":false,"_id":"5dbacd7fd84d8c3e8c629f06","genre":"Romance","title":"Dom Casmurro","author":"Machado de Assis","__v":0},{"read":false,"_id":"5dbacd7fd84d8c3e8c629f07","genre":"Romance","title":"Dom Casmurro","author":"Machado de Assis","__v":0},{"read":false,"_id":"5dbacd98d84d8c3e8c629f08","genre":"Romance","title":"Dom Casmurro","author":"Machado de Assis","__v":0},{"read":true,"_id":"5dbacd98d84d8c3e8c629f09","genre":"Fic\xc3\xa7\xc3\xa3o","title":"O Pequeno Pr\xc3\xadncipe","author":"Antoine de Saint-Exup\xc3\xa9ry","__v":0},{"read":false,"_id":"5dbacda8d84d8c3e8c629f0a","genre":"Romance","title":"Dom Casmurro","author":"Machado de Assis","__v":0},{"read":true,"_id":"5dbacda9d84d8c3e8c629f0b","genre":"Fic\xc3\xa7\xc3\xa3o","title":"O Pequeno Pr\xc3\xadncipe","author":"Antoine de Saint-Exup\xc3\xa9ry","__v":0},{"read":false,"_id":"5dbacdc4d84d8c3e8c629f0c","genre":"Romance","title":"Dom Casmurro","author":"Machado de Assis","__v":0},{"read":false,"_id":"5dbacdc5d84d8c3e8c629f0d","genre":"Romance","title":"Dom Casmurro","author":"Machado de Assis","__v":0},{"read":false,"_id":"5dbacdefd84d8c3e8c629f0e","genre":"Romance","title":"Dom Casmurro","author":"Machado de Assis","__v":0},{"read":true,"_id":"5dbacdf0d84d8c3e8c629f0f","genre":"Fic\xc3\xa7\xc3\xa3o","title":"O Pequeno Pr\xc3\xadncipe","author":"Antoine de Saint-Exup\xc3\xa9ry","__v":0},{"read":false,"_id":"5dbacdf1d84d8c3e8c629f10","genre":"Escavadeira","title":"Bernardo","author":"Avestruz","__v":0},{"read":false,"_id":"5dbacdf7d84d8c3e8c629f11","genre":"Escavadeira","title":"Bernardo","author":"Avestruz","__v":0},{"read":false,"_id":"5dbace00d84d8c3e8c629f12","genre":"Romance","title":"Dom Casmurro","author":"Machado de Assis","__v":0},{"read":false,"_id":"5dbace19d84d8c3e8c629f13","genre":"Romance","title":"Dom Casmurro","author":"Machado de Assis","__v":0},{"read":false,"_id":"5dbacfa6d84d8c3e8c629f14","genre":"Romance","title":"Dom Casmurro","author":"Machado de Assis","__v":0},{"read":false,"_id":"5dbacfaad84d8c3e8c629f15","genre":"Romance","title":"Dom Casmurro","author":"Machado de Assis","__v":0},{"read":false,"_id":"5dbacfb2d84d8c3e8c629f16","genre":"Romance","title":"Dom Casmurro","author":"Machado de Assis","__v":0},{"read":false,"_id":"5dbacfb4d84d8c3e8c629f17","genre":"Romance","title":"Dom Casmurro","author":"Machado de Assis","__v":0},{"read":false,"_id":"5dbacfbdd84d8c3e8c629f18","genre":"Romance","title":"Dom Casmurro","author":"Machado de Assis","__v":0},{"read":true,"_id":"5dbacfbed84d8c3e8c629f19","genre":"Fic\xc3\xa7\xc3\xa3o","title":"O Pequeno Pr\xc3\xadncipe","author":"Antoine de Saint-Exup\xc3\xa9ry","__v":0},{"read":false,"_id":"5dbacfc5d84d8c3e8c629f1a","genre":"Romance","title":"Dom Casmurro","author":"Machado de Assis","__v":0},{"read":false,"_id":"5dbacfcfd84d8c3e8c629f1b","genre":"Romance","title":"Dom Casmurro","author":"Machado de Assis","__v":0},{"read":true,"_id":"5dbacfd0d84d8c3e8c629f1c","genre":"Fic\xc3\xa7\xc3\xa3o","title":"O Pequeno Pr\xc3\xadncipe","author":"Antoine de Saint-Exup\xc3\xa9ry","__v":0},{"read":false,"_id":"5dbacfe2d84d8c3e8c629f1d","genre":"Romance","title":"Dom Casmurro","author":"Machado de Assis","__v":0},{"read":true,"_id":"5dbacfe2d84d8c3e8c629f1e","genre":"Fic\xc3\xa7\xc3\xa3o","title":"O Pequeno Pr\xc3\xadncipe","author":"Antoine de Saint-Exup\xc3\xa9ry","__v":0},{"read":false,"_id":"5dbad047d84d8c3e8c629f1f","genre":"Romance","title":"Dom Casmurro","author":"Machado de Assis","__v":0},{"read":true,"_id":"5dbad048d84d8c3e8c629f20","genre":"Fic\xc3\xa7\xc3\xa3o","title":"O Pequeno Pr\xc3\xadncipe","author":"Antoine de Saint-Exup\xc3\xa9ry","__v":0},{"read":false,"_id":"5dbad0b1d84d8c3e8c629f21","genre":"Romance","title":"Dom Casmurro","author":"Machado de Assis","__v":0},{"read":true,"_id":"5dbad0b2d84d8c3e8c629f22","genre":"Fic\xc3\xa7\xc3\xa3o","title":"O Pequeno Pr\xc3\xadncipe","author":"Antoine de Saint-Exup\xc3\xa9ry","__v":0},{"read":true,"_id":"5dbad0ecd84d8c3e8c629f23","title":"titulo1","genre":"genero1","author":"autor1","__v":0},{"read":false,"_id":"5dbad15cd84d8c3e8c629f24","genre":"Romance","title":"Dom Casmurro","author":"Machado de Assis","__v":0},{"read":true,"_id":"5dbad15cd84d8c3e8c629f25","genre":"Fic\xc3\xa7\xc3\xa3o","title":"O Pequeno Pr\xc3\xadncipe","author":"Antoine de Saint-Exup\xc3\xa9ry","__v":0},{"read":false,"_id":"5dbad167d84d8c3e8c629f26","genre":"Romance","title":"Dom Casmurro","author":"Machado de Assis","__v":0},{"read":true,"_id":"5dbad168d84d8c3e8c629f27","genre":"Fic\xc3\xa7\xc3\xa3o","title":"O Pequeno Pr\xc3\xadncipe","author":"Antoine de Saint-Exup\xc3\xa9ry","__v":0},{"read":false,"_id":"5dbad277d84d8c3e8c629f28","genre":"Romance","title":"Dom Casmurro","author":"Machado de Assis","__v":0},{"read":true,"_id":"5dbad278d84d8c3e8c629f29","genre":"Fic\xc3\xa7\xc3\xa3o","title":"O Pequeno Pr\xc3\xadncipe","author":"Antoine de Saint-Exup\xc3\xa9ry","__v":0},{"read":false,"_id":"5dbad284d84d8c3e8c629f2a","genre":"Romance","title":"Dom Casmurro","author":"Machado de Assis","__v":0},{"read":true,"_id":"5dbad285d84d8c3e8c629f2b","genre":"Fic\xc3\xa7\xc3\xa3o","title":"O Pequeno Pr\xc3\xadncipe","author":"Antoine de Saint-Exup\xc3\xa9ry","__v":0},{"read":false,"_id":"5dbad3f6d84d8c3e8c629f2c","genre":"Romance","title":"Dom Casmurro","author":"Machado de Assis","__v":0},{"read":true,"_id":"5dbad3f7d84d8c3e8c629f2d","genre":"Fic\xc3\xa7\xc3\xa3o","title":"O Pequeno Pr\xc3\xadncipe","author":"Antoine de Saint-Exup\xc3\xa9ry","__v":0},{"read":false,"_id":"5dbad3f8d84d8c3e8c629f2e","genre":"T\xc3\xa9cnico","title":"C Completo e Total","author":"Herbert Schildt","__v":0},{"read":false,"_id":"5dbad41fd84d8c3e8c629f2f","genre":"Romance","title":"Dom Casmurro","author":"Machado de Assis","__v":0},{"read":true,"_id":"5dbad420d84d8c3e8c629f30","genre":"Fic\xc3\xa7\xc3\xa3o","title":"O Pequeno Pr\xc3\xadncipe","author":"Antoine de Saint-Exup\xc3\xa9ry","__v":0},{"read":false,"_id":"5dbad44fd84d8c3e8c629f32","genre":"Romance","title":"Dom Casmurro","author":"Machado de Assis","__v":0},{"read":true,"_id":"5dbad44fd84d8c3e8c629f33","genre":"Fic\xc3\xa7\xc3\xa3o","title":"O Pequeno Pr\xc3\xadncipe","author":"Antoine de Saint-Exup\xc3\xa9ry","__v":0},{"read":false,"_id":"5dbad54ad84d8c3e8c629f35","genre":"Romance","title":"Dom Casmurro","author":"Machado de Assis","__v":0},{"read":true,"_id":"5dbad54bd84d8c3e8c629f36","genre":"Fic\xc3\xa7\xc3\xa3o","title":"O Pequeno Pr\xc3\xadncipe","author":"Antoine de Saint-Exup\xc3\xa9ry","__v":0},{"read":false,"_id":"5dbad565d84d8c3e8c629f38","genre":"Romance","title":"Dom Casmurro","author":"Machado de Assis","__v":0},{"read":false,"_id":"5dbad566d84d8c3e8c629f39","genre":"Terror","title":"Dom do murro","author":"Machado de dois gumes","__v":0},{"read":false,"_id":"5dbad5f6d84d8c3e8c629f3a","genre":"Romance","title":"Dom Casmurro","author":"Machado de Assis","__v":0},{"read":true,"_id":"5dbad5f7d84d8c3e8c629f3b","genre":"Fic\xc3\xa7\xc3\xa3o","title":"O Pequeno Pr\xc3\xadncipe","author":"Antoine de Saint-Exup\xc3\xa9ry","__v":0},{"read":false,"_id":"5dbad62dd84d8c3e8c629f3d","genre":"Romance","title":"Dom Casmurro","author":"Machado de Assis","__v":0},{"read":false,"_id":"5dbad62dd84d8c3e8c629f3e","genre":"Terror","title":"Dom do murro","author":"Machado de dois gumes","__v":0},{"read":true,"_id":"5dbad772d84d8c3e8c629f3f","title":"string","genre":"string","author":"string","__v":0},{"read":false,"_id":"5dbad834d84d8c3e8c629f40","genre":"Romance","title":"Dom Casmurro","author":"Machado de Assis","__v":0},{"read":false,"_id":"5dbad882d84d8c3e8c629f41","genre":"Romance","title":"Dom Casmurro","author":"Machado de Assis","__v":0},{"read":false,"_id":"5dbad882d84d8c3e8c629f42","genre":"Comic","title":"funny","author":"writer","__v":0},{"read":false,"_id":"5dbad8cbd84d8c3e8c629f43","genre":"Romance","title":"Dom Casmurro","author":"Machado de Assis","__v":0},{"read":false,"_id":"5dbad8cbd84d8c3e8c629f44","genre":"Comic","title":"funny","author":"writer","__v":0},{"read":false,"_id":"5dbad9a9d84d8c3e8c629f45","genre":"Romance","title":"Dom Casmurro","author":"Machado de Assis","__v":0},{"read":false,"_id":"5dbad9aad84d8c3e8c629f46","genre":"Comic","title":"funny","author":"writer","__v":0},{"read":false,"_id":"5dbada11d84d8c3e8c629f47","genre":"Romance","title":"Dom Casmurro","author":"Machado de Assis","__v":0},{"read":false,"_id":"5dbada12d84d8c3e8c629f48","genre":"Comic","title":"funny","author":"writer","__v":0},{"read":false,"_id":"5dbada5fd84d8c3e8c629f49","genre":"Romance","title":"Dom Casmurro","author":"Machado de Assis","__v":0},{"read":false,"_id":"5dbada60d84d8c3e8c629f4a","genre":"Comic","title":"funny","author":"writer","__v":0},{"read":false,"_id":"5dbadabfd84d8c3e8c629f4b","genre":"Romance","title":"Dom Casmurro","author":"Machado de Assis","__v":0},{"read":false,"_id":"5dbadadad84d8c3e8c629f4c","genre":"Romance","title":"Dom Casmurro","author":"Machado de Assis","__v":0},{"read":false,"_id":"5dbadadad84d8c3e8c629f4d","genre":"Comic","title":"funny","author":"writer","__v":0},{"read":true,"_id":"5dbadafbd84d8c3e8c629f4e","genre":"Self-help","title":"Rich dad poor dad","author":"Robert Kiyosaki and Sharon Lechter","__v":0},{"read":false,"_id":"5dbadb09d84d8c3e8c629f4f","genre":"Romance","title":"Dom Casmurro","author":"Machado de Assis","__v":0},{"read":false,"_id":"5dbadb16d84d8c3e8c629f50","genre":"Romance","title":"Dom Casmurro","author":"Machado de Assis","__v":0},{"read":false,"_id":"5dbadb17d84d8c3e8c629f51","genre":"generofabio","title":"titulofabio","author":"autorfabio","__v":0},{"read":false,"_id":"5dbadb36d84d8c3e8c629f52","genre":"Romance","title":"Dom Casmurro","author":"Machado de Assis","__v":0},{"read":true,"_id":"5dbadb82d84d8c3e8c629f53","genre":"Self-help","title":"Rich dad poor dad","author":"Robert Kiyosaki and Sharon Lechter","__v":0},{"read":false,"_id":"5dbadba2d84d8c3e8c629f54","genre":"Romance","title":"Dom Casmurro","author":"Machado de Assis","__v":0},{"read":false,"_id":"5dbadba3d84d8c3e8c629f55","genre":"Romance","title":"Dom Casmurro","author":"Machado de Assis","__v":0},{"read":false,"_id":"5dbadba3d84d8c3e8c629f56","genre":"Comic","title":"funny","author":"writer","__v":0},{"read":false,"_id":"5dbadbb3d84d8c3e8c629f57","genre":"Self-help","title":"Rich dad poor dad","author":"Robert Kiyosaki and Sharon Lechter","__v":0},{"read":false,"_id":"5dbadbc0d84d8c3e8c629f58","genre":"Romance","title":"Dom Casmurro","author":"Machado de Assis","__v":0},{"read":false,"_id":"5dbadbc1d84d8c3e8c629f59","genre":"generofabio","title":"titulofabio","author":"autorfabio","__v":0},{"read":false,"_id":"5dbadbd7d84d8c3e8c629f5a","genre":"Romance","title":"Dom Casmurro","author":"Machado de Assis","__v":0},{"read":false,"_id":"5dbadbe7d84d8c3e8c629f5b","genre":"Romance","title":"Dom Casmurro","author":"Machado de Assis","__v":0},{"read":false,"_id":"5dbadcd3d84d8c3e8c629f5c","genre":"Escavadeira","title":"Bernardo","author":"Avestruz","__v":0},{"read":false,"_id":"5dbadd4fd84d8c3e8c629f5d","genre":"Escavadeira","title":"Bernardo","author":"Avestruz","__v":0},{"read":false,"_id":"5dbadd50d84d8c3e8c629f5e","genre":"Romance","title":"Dom Casmurro","author":"Machado de Assis","__v":0},{"read":false,"_id":"5dbadd59d84d8c3e8c629f5f","genre":"Romance","title":"Dom Casmurro","author":"Machado de Assis","__v":0},{"read":false,"_id":"5dbadd5ad84d8c3e8c629f60","genre":"generofabio","title":"titulofabio","author":"autorfabio","__v":0},{"read":false,"_id":"5dbadd89d84d8c3e8c629f61","genre":"Romance","title":"Dom Casmurro","author":"Machado de Assis","__v":0},{"read":false,"_id":"5dbadd8ad84d8c3e8c629f62","genre":"generofabio","title":"titulofabio","author":"autorfabio","__v":0},{"read":false,"_id":"5dbadd97d84d8c3e8c629f63","genre":"Romance","title":"Dom Casmurro","author":"Machado de Assis","__v":0},{"read":false,"_id":"5dbadd98d84d8c3e8c629f64","genre":"Comic","title":"sad","author":"writer","__v":0},{"read":false,"_id":"5dbaddaed84d8c3e8c629f65","__v":0},{"read":false,"_id":"5dbaddf2d84d8c3e8c629f66","genre":"Self-help","title":"Rich dad poor dad","author":"Robert Kiyosaki and Sharon Lechter","__v":0},{"read":false,"_id":"5dbade11d84d8c3e8c629f67","genre":"Romance","title":"Dom Casmurro","author":"Machado de Assis","__v":0},{"read":true,"_id":"5dbade12d84d8c3e8c629f68","genre":"Fic\xc3\xa7\xc3\xa3o","title":"O Pequeno Pr\xc3\xadncipe","author":"Antoine de Saint-Exup\xc3\xa9ry","__v":0},{"read":false,"_id":"5dbade33d84d8c3e8c629f6a","__v":0},{"read":false,"_id":"5dbade36d84d8c3e8c629f6b","genre":"Romance","title":"Dom Casmurro","author":"Machado de Assis","__v":0},{"read":true,"_id":"5dbade36d84d8c3e8c629f6c","genre":"Fic\xc3\xa7\xc3\xa3o","title":"O Pequeno Pr\xc3\xadncipe","author":"Antoine de Saint-Exup\xc3\xa9ry","__v":0},{"read":false,"_id":"5dbade6ad84d8c3e8c629f6e","genre":"Romance","title":"Dom Casmurro","author":"Machado de Assis","__v":0},{"read":true,"_id":"5dbade6bd84d8c3e8c629f6f","genre":"Fic\xc3\xa7\xc3\xa3o","title":"O Pequeno Pr\xc3\xadncipe","author":"Antoine de Saint-Exup\xc3\xa9ry","__v":0},{"read":false,"_id":"5dbade90d84d8c3e8c629f71","genre":"Self-help","title":"Rich dad poor dad","author":"Robert Kiyosaki and Sharon Lechter","__v":0},{"read":false,"_id":"5dbade9ed84d8c3e8c629f72","genre":"Self-help","title":"Rich dad poor dad","author":"Robert Kiyosaki and Sharon Lechter","__v":0},{"read":false,"_id":"5dbadea7d84d8c3e8c629f73","__v":0},{"read":false,"_id":"5dbadea9d84d8c3e8c629f74","genre":"Romance","title":"Dom Casmurro","author":"Machado de Assis","__v":0},{"read":false,"_id":"5dbadeb3d84d8c3e8c629f75","genre":"Romance","title":"Dom Casmurro","author":"Machado de Assis","__v":0},{"read":true,"_id":"5dbadeb4d84d8c3e8c629f76","genre":"Fic\xc3\xa7\xc3\xa3o","title":"O Pequeno Pr\xc3\xadncipe","author":"Antoine de Saint-Exup\xc3\xa9ry","__v":0},{"read":false,"_id":"5dbaded8d84d8c3e8c629f78","genre":"Romance","title":"Dom Casmurro","author":"Machado de Assis","__v":0},{"read":false,"_id":"5dbadee4d84d8c3e8c629f79","genre":"Romance","title":"Dom Casmurro","author":"Machado de Assis","__v":0},{"read":false,"_id":"5dbadf00d84d8c3e8c629f7a","genre":"Escavadeira","title":"Bernardo","author":"Avestruz","__v":0},{"read":false,"_id":"5dbadf01d84d8c3e8c629f7b","genre":"Escavadeira","title":"Bernardo","author":"Avestruz","__v":0},{"read":false,"_id":"5dbadf02d84d8c3e8c629f7c","genre":"Escavadeira","title":"Bernardo","author":"Avestruz","__v":0},{"read":false,"_id":"5dbadf04d84d8c3e8c629f7d","genre":"Escavadeira","title":"Bernardo","author":"Avestruz","__v":0},{"read":false,"_id":"5dbadf13d84d8c3e8c629f7e","genre":"Romance","title":"Dom Casmurro","author":"Machado de Assis","__v":0},{"read":false,"_id":"5dbadf14d84d8c3e8c629f7f","genre":"generofabio","title":"titulofabio","author":"autorfabio","__v":0},{"read":false,"_id":"5dbadf2bd84d8c3e8c629f80","genre":"Self-help","title":"Rich dad poor dad","author":"Robert Kiyosaki and Sharon Lechter","__v":0},{"read":false,"_id":"5dbadf4cd84d8c3e8c629f81","genre":"Romance","title":"Dom Casmurro","author":"Machado de Assis","__v":0},{"read":false,"_id":"5dbadf4dd84d8c3e8c629f82","genre":"generofabio","title":"titulofabio","author":"autorfabio","__v":0},{"read":false,"_id":"5dbadf80d84d8c3e8c629f83","genre":"Romance","title":"Dom Casmurro","author":"Machado de Assis","__v":0},{"read":false,"_id":"5dbadf81d84d8c3e8c629f84","genre":"generofabio","title":"titulofabio","author":"autorfabio","__v":0},{"read":false,"_id":"5dbadf8bd84d8c3e8c629f85","genre":"Escavadeira","title":"Bernardo","author":"Avestruz","__v":0},{"read":true,"_id":"5dbadf8bd84d8c3e8c629f86","genre":"UPDATE","title":"UPDATE","author":"UPDATE","__v":0},{"read":false,"_id":"5dbadf8fd84d8c3e8c629f88","genre":"Escavadeira","title":"Bernardo","author":"Avestruz","__v":0},{"read":false,"_id":"5dbadfb7d84d8c3e8c629f89","genre":"Romance","title":"Dom Casmurro","author":"Machado de Assis","__v":0},{"read":false,"_id":"5dbadfb8d84d8c3e8c629f8a","genre":"generofabio","title":"titulofabio","author":"autorfabio","__v":0},{"read":false,"_id":"5dbae068d84d8c3e8c629f8b","genre":"Romance","title":"Dom Casmurro","author":"Machado de Assis","__v":0},{"read":false,"_id":"5dbae069d84d8c3e8c629f8c","genre":"Comic","title":"sad","author":"writer","__v":0},{"read":false,"_id":"5dbae0dcd84d8c3e8c629f8d","genre":"Romance","title":"Dom Casmurro","author":"Machado de Assis","__v":0},{"read":false,"_id":"5dbae0f5d84d8c3e8c629f8e","genre":"Romance","title":"Dom Casmurro","author":"Machado de Assis","__v":0},{"read":false,"_id":"5dbae0f6d84d8c3e8c629f8f","genre":"Comic","title":"sad","author":"writer","__v":0},{"read":true,"_id":"5dbae111d84d8c3e8c629f90","genre":"Self-help","title":"Rich dad poor dad","author":"Robert Kiyosaki and Sharon Lechter","__v":0},{"read":false,"_id":"5dbae12bd84d8c3e8c629f91","genre":"Terror","title":"IT_A_Coisa","author":"Stephen King","__v":0},{"read":false,"_id":"5dbae136d84d8c3e8c629f92","genre":"Romance","title":"Dom Casmurro","author":"Machado de Assis","__v":0},{"read":false,"_id":"5dbae136d84d8c3e8c629f93","genre":"generofabio","title":"titulofabio","author":"autorfabio","__v":0},{"read":false,"_id":"5dbae142d84d8c3e8c629f94","genre":"Romance","title":"Dom Casmurro","author":"Machado de Assis","__v":0},{"read":true,"_id":"5dbae142d84d8c3e8c629f95","genre":"Fic\xc3\xa7\xc3\xa3o","title":"O Pequeno Pr\xc3\xadncipe","author":"Antoine de Saint-Exup\xc3\xa9ry","__v":0},{"read":false,"_id":"5dbae15ad84d8c3e8c629f98","genre":"Romance","title":"Dom Casmurro","author":"Machado de Assis","__v":0},{"read":false,"_id":"5dbae15bd84d8c3e8c629f99","genre":"Comic","title":"sad","author":"writer","__v":0},{"read":false,"_id":"5dbae16bd84d8c3e8c629f9a","genre":"Romance","title":"Dom Casmurro","author":"Machado de Assis","__v":0},{"read":false,"_id":"5dbae171d84d8c3e8c629f9b","genre":"Romance","title":"Dom Casmurro","author":"Machado de Assis","__v":0},{"read":true,"_id":"5dbae171d84d8c3e8c629f9c","genre":"Fic\xc3\xa7\xc3\xa3o","title":"O Pequeno Pr\xc3\xadncipe","author":"Antoine de Saint-Exup\xc3\xa9ry","__v":0},{"read":false,"_id":"5dbae19ed84d8c3e8c629f9e","genre":"Romance","title":"Dom Casmurro","author":"Machado de Assis","__v":0},{"read":true,"_id":"5dbae19fd84d8c3e8c629f9f","genre":"Fic\xc3\xa7\xc3\xa3o","title":"O Pequeno Pr\xc3\xadncipe","author":"Antoine de Saint-Exup\xc3\xa9ry","__v":0},{"read":false,"_id":"5dbae1b3d84d8c3e8c629fa1","genre":"Romance","title":"Dom Casmurro","author":"Machado de Assis","__v":0},{"read":false,"_id":"5dbae1c6d84d8c3e8c629fa2","genre":"Terror","title":"IT_A_Coisa","author":"Stephen King","__v":0},{"read":false,"_id":"5dbae1d6d84d8c3e8c629fa3","genre":"Romance","title":"Dom Casmurro","author":"Machado de Assis","__v":0},{"read":false,"_id":"5dbae1d6d84d8c3e8c629fa4","genre":"Comic","title":"sad","author":"writer","__v":0},{"read":false,"_id":"5dbae1f6d84d8c3e8c629fa5","genre":"Romance","title":"Dom Casmurro","author":"Machado de Assis","__v":0},{"read":false,"_id":"5dbae1f7d84d8c3e8c629fa6","genre":"generofabio","title":"titulofabiosekikawa","author":"autorfabio","__v":0},{"read":false,"_id":"5dbae1fad84d8c3e8c629fa7","genre":"Terror","title":"IT_A_Coisa","author":"Stephen King","__v":0},{"read":false,"_id":"5dbae227d84d8c3e8c629fa8","genre":"Romance","title":"Dom Casmurro","author":"Machado de Assis","__v":0},{"read":false,"_id":"5dbae228d84d8c3e8c629fa9","genre":"Comic","title":"sad","author":"writer","__v":0},{"read":false,"_id":"5dbae22fd84d8c3e8c629faa","genre":"Romance","title":"Dom Casmurro","author":"Machado de Assis","__v":0},{"read":false,"_id":"5dbae230d84d8c3e8c629fab","genre":"Terror","title":"Dom do murro","author":"Machado de dois gumes","__v":0},{"read":false,"_id":"5dbae231d84d8c3e8c629fac","genre":"Romance","title":"Dom Casmurro","author":"Machado de Assis","__v":0},{"read":false,"_id":"5dbae232d84d8c3e8c629fad","genre":"generofabio","title":"titulofabiosekikawa","author":"autorfabio","__v":0},{"read":false,"_id":"5dbae24ed84d8c3e8c629fae","genre":"Romance","title":"Dom Casmurro","author":"Machado de Assis","__v":0},{"read":false,"_id":"5dbae250d84d8c3e8c629faf","genre":"Terror","title":"Dom do murro","author":"Machado de dois gumes","__v":0},{"read":false,"_id":"5dbae269d84d8c3e8c629fb0","genre":"Romance","title":"Dom Casmurro","author":"Machado de Assis","__v":0},{"read":false,"_id":"5dbae26dd84d8c3e8c629fb1","genre":"Romance","title":"Dom Casmurro","author":"Machado de Assis","__v":0},{"read":false,"_id":"5dbae26ed84d8c3e8c629fb2","genre":"Comic","title":"sad","author":"writer","__v":0},{"read":false,"_id":"5dbae279d84d8c3e8c629fb3","genre":"Romance","title":"Dom Casmurro","author":"Machado de Assis","__v":0},{"read":false,"_id":"5dbae279d84d8c3e8c629fb4","genre":"Terror","title":"Dom do murro","author":"Machado de dois gumes","__v":0},{"read":false,"_id":"5dbae2b0d84d8c3e8c629fb5","genre":"Romance","title":"Dom Casmurro","author":"Machado de Assis","__v":0},{"read":false,"_id":"5dbae2cdd84d8c3e8c629fb6","genre":"Romance","title":"Dom Casmurro","author":"Machado de Assis","__v":0},{"read":false,"_id":"5dbae2ddd84d8c3e8c629fb7","genre":"Romance","title":"Dom Casmurro","author":"Machado de Assis","__v":0},{"read":false,"_id":"5dbae2ddd84d8c3e8c629fb8","genre":"generofabio","title":"titulofabiosekikawa","author":"autorfabio","__v":0},{"read":false,"_id":"5dbae2f2d84d8c3e8c629fb9","genre":"Romance","title":"Dom Casmurro","author":"Machado de Assis","__v":0},{"read":false,"_id":"5dbae2f3d84d8c3e8c629fba","genre":"generofabio","title":"titulofabiosekikawa","author":"autorfabio","__v":0},{"read":false,"_id":"5dbae324d84d8c3e8c629fbb","genre":"Romance","title":"Dom Casmurro","author":"Machado de Assis","__v":0},{"read":false,"_id":"5dbae324d84d8c3e8c629fbc","genre":"generofabio","title":"titulofabiosekikawa","author":"autorfabio","__v":0},{"read":false,"_id":"5dbae3b4d84d8c3e8c629fbd","genre":"Terror","title":"IT_A_Coisa","author":"Stephen King","__v":0},{"read":false,"_id":"5dbae3fcd84d8c3e8c629fbe","genre":"Romance","title":"Dom Casmurro","author":"Machado de Assis","__v":0},{"read":false,"_id":"5dbae3fdd84d8c3e8c629fbf","genre":"Comic","title":"sad","author":"writer","__v":0},{"read":false,"_id":"5dbae3fed84d8c3e8c629fc0","genre":"Romance","title":"Dom Casmurro","author":"Machado de Assis","__v":0},{"read":false,"_id":"5dbae41bd84d8c3e8c629fc1","genre":"Romance","title":"Dom Casmurro","author":"Machado de Assis","__v":0},{"read":false,"_id":"5dbae41cd84d8c3e8c629fc2","genre":"Terror","title":"Dom do murro","author":"Machado de dois gumes","__v":0},{"read":false,"_id":"5dbae474d84d8c3e8c629fc3","genre":"Romance","title":"Dom Casmurro","author":"Machado de Assis","__v":0},{"read":false,"_id":"5dbae475d84d8c3e8c629fc4","genre":"Terror","title":"Dom do murro","author":"Machado de dois gumes","__v":0},{"read":false,"_id":"5dbae4c1d84d8c3e8c629fc5","genre":"Romance","title":"Dom Casmurro","author":"Machado de Assis","__v":0},{"read":false,"_id":"5dbae4c2d84d8c3e8c629fc6","genre":"Comic","title":"sad","author":"writer","__v":0},{"read":false,"_id":"5dbae505d84d8c3e8c629fc7","genre":"Romance","title":"Dom Casmurro","author":"Machado de Assis","__v":0},{"read":true,"_id":"5dbae509d84d8c3e8c629fc8","genre":"Terror","title":"Dom do murro","author":"Machado de dois gumes","__v":0},{"read":false,"_id":"5dbae515d84d8c3e8c629fc9","genre":"Terror","title":"IT_A_Coisa","author":"Stephen King","__v":0},{"read":false,"_id":"5dbae546d84d8c3e8c629fca","genre":"Romance","title":"Dom Casmurro","author":"Machado de Assis","__v":0},{"read":false,"_id":"5dbae546d84d8c3e8c629fcb","genre":"generofabio","title":"titulofabiosekikawa","author":"autorfabio","__v":0},{"read":false,"_id":"5dbae582d84d8c3e8c629fcc","genre":"Terror","title":"IT_A_Coisa","author":"Stephen King","__v":0},{"read":false,"_id":"5dbae5b0d84d8c3e8c629fcd","genre":"Romance","title":"Dom Casmurro","author":"Machado de Assis","__v":0},{"read":false,"_id":"5dbae5c4d84d8c3e8c629fce","genre":"Escavadeira","title":"Bernardo","author":"Avestruz","__v":0},{"read":true,"_id":"5dbae5c5d84d8c3e8c629fcf","genre":"UPDATE","title":"UPDATE","author":"UPDATE","__v":0},{"read":false,"_id":"5dbae5c8d84d8c3e8c629fd1","genre":"Escavadeira","title":"Bernardo","author":"Avestruz","__v":0},{"read":false,"_id":"5dbae5f4d84d8c3e8c629fd2","genre":"Romance","title":"Dom Casmurro","author":"Machado de Assis","__v":0},{"read":false,"_id":"5dbae5f5d84d8c3e8c629fd3","genre":"Comic","title":"sad","author":"writer","__v":0},{"read":false,"_id":"5dbae606d84d8c3e8c629fd4","genre":"Romance","title":"Dom Casmurro","author":"Machado de Assis","__v":0},{"read":false,"_id":"5dbae607d84d8c3e8c629fd5","genre":"generofabio","title":"titulofabiosekikawa","author":"autorfabio","__v":0},{"read":false,"_id":"5dbae61ed84d8c3e8c629fd6","genre":"Terror","title":"IT_A_Coisa","author":"Stephen King","__v":0},{"read":false,"_id":"5dbae63ed84d8c3e8c629fd7","genre":"Escavadeira","title":"Bernardo","author":"Avestruz","__v":0},{"read":false,"_id":"5dbae63ed84d8c3e8c629fd8","genre":"Romance","title":"Dom Casmurro","author":"Machado de Assis","__v":0},{"read":true,"_id":"5dbae63fd84d8c3e8c629fd9","genre":"UPDATE","title":"UPDATE","author":"UPDATE","__v":0},{"read":false,"_id":"5dbae644d84d8c3e8c629fdb","genre":"Escavadeira","title":"Bernardo","author":"Avestruz","__v":0},{"read":false,"_id":"5dbae65fd84d8c3e8c629fdc","genre":"Romance","title":"Dom Casmurro","author":"Machado de Assis","__v":0},{"read":true,"_id":"5dbae660d84d8c3e8c629fdd","genre":"Action","title":"Hulk","author":"Stan","__v":0},{"read":false,"_id":"5dbae688d84d8c3e8c629fde","genre":"Romance","title":"Dom Casmurro","author":"Machado de Assis","__v":0},{"read":false,"_id":"5dbae689d84d8c3e8c629fdf","genre":"generofabio","title":"titulofabiosekikawa","author":"autorfabio","__v":0},{"read":false,"_id":"5dbae694d84d8c3e8c629fe0","genre":"Romance","title":"Dom Casmurro","author":"Machado de Assis","__v":0},{"read":true,"_id":"5dbae694d84d8c3e8c629fe1","genre":"Action","title":"Hulk","author":"Stan","__v":0},{"read":false,"_id":"5dbae6b2d84d8c3e8c629fe2","genre":"Terror","title":"IT_A_Coisa","author":"Stephen King","__v":0},{"read":false,"_id":"5dbae6c6d84d8c3e8c629fe3","genre":"Escavadeira","title":"Bernardo","author":"Avestruz","__v":0},{"read":true,"_id":"5dbae6c7d84d8c3e8c629fe4","genre":"UPDATE","title":"UPDATE","author":"UPDATE","__v":0},{"read":false,"_id":"5dbae6cbd84d8c3e8c629fe6","genre":"Escavadeira","title":"Bernardo","author":"Avestruz","__v":0},{"read":false,"_id":"5dbae6d4d84d8c3e8c629fe7","genre":"Romance","title":"A Cabana","author":"Machado de Assis","__v":0},{"read":false,"_id":"5dbae6f2d84d8c3e8c629fe8","genre":"Escavadeira","title":"Bernardo","author":"Avestruz","__v":0},{"read":true,"_id":"5dbae6f3d84d8c3e8c629fe9","genre":"UPDATE","title":"UPDATE","author":"UPDATE","__v":0},{"read":false,"_id":"5dbae6f6d84d8c3e8c629feb","genre":"Escavadeira","title":"Bernardo","author":"Avestruz","__v":0},{"read":false,"_id":"5dbae72ad84d8c3e8c629fec","genre":"Romance","title":"A Cabana","author":"Machado de Assis","__v":0},{"read":false,"_id":"5dbae746d84d8c3e8c629fed","genre":"Romance","title":"Dom Casmurro","author":"Machado de Assis","__v":0},{"read":false,"_id":"5dbae747d84d8c3e8c629fee","genre":"Comic","title":"sad","author":"writer","__v":0},{"read":false,"_id":"5dbae75bd84d8c3e8c629ff0","genre":"Escavadeira","title":"Bernardo","author":"Avestruz","__v":0},{"read":true,"_id":"5dbae75cd84d8c3e8c629ff1","genre":"UPDATE","title":"UPDATE","author":"UPDATE","__v":0},{"read":false,"_id":"5dbae768d84d8c3e8c629ff3","genre":"Escavadeira","title":"Bernardo","author":"Avestruz","__v":0},{"read":false,"_id":"5dbae76cd84d8c3e8c629ff4","genre":"Romance","title":"A Cabana","author":"Machado de Assis","__v":0},{"read":true,"_id":"5dbae76dd84d8c3e8c629ff5","genre":"string","title":"string","author":"string","__v":0},{"read":false,"_id":"5dbae77ed84d8c3e8c629ff6","genre":"Escavadeira","title":"Bernardo","author":"Avestruz","__v":0},{"read":true,"_id":"5dbae77fd84d8c3e8c629ff7","genre":"UPDATE","title":"UPDATE","author":"UPDATE","__v":0},{"read":false,"_id":"5dbae787d84d8c3e8c629ff9","genre":"Escavadeira","title":"Bernardo","author":"Avestruz","__v":0},{"read":false,"_id":"5dbae794d84d8c3e8c629ffa","genre":"Escavadeira","title":"Bernardo","author":"Avestruz","__v":0},{"read":true,"_id":"5dbae796d84d8c3e8c629ffb","genre":"UPDATE","title":"UPDATE","author":"UPDATE","__v":0},{"read":false,"_id":"5dbae7a1d84d8c3e8c629ffd","genre":"Escavadeira","title":"Bernardo","author":"Avestruz","__v":0},{"read":false,"_id":"5dbae7bad84d8c3e8c629ffe","genre":"Romance","title":"Dom Casmurro","author":"Machado de Assis","__v":0},{"read":false,"_id":"5dbae7bbd84d8c3e8c629fff","genre":"generofabio","title":"titulofabiosekikawa","author":"autorfabio","__v":0},{"read":false,"_id":"5dbae803d84d8c3e8c62a000","genre":"Romance","title":"Dom Casmurro","author":"Machado de Assis","__v":0},{"read":false,"_id":"5dbae804d84d8c3e8c62a001","genre":"generofabio","title":"titulofabiosekikawa","author":"autorfabio","__v":0},{"read":false,"_id":"5dbae822d84d8c3e8c62a002","genre":"Escavadeira","title":"Bernardo","author":"Avestruz","__v":0},{"read":false,"_id":"5dbae827d84d8c3e8c62a003","genre":"Escavadeira","title":"Bernardo","author":"Avestruz","__v":0},{"read":false,"_id":"5dbae829d84d8c3e8c62a004","genre":"Escavadeira","title":"Bernardo","author":"Avestruz","__v":0},{"read":false,"_id":"5dbae82fd84d8c3e8c62a005","genre":"Escavadeira","title":"Bernardo","author":"Avestruz","__v":0},{"read":false,"_id":"5dbae83bd84d8c3e8c62a006","genre":"Escavadeira","title":"Bernardo","author":"Avestruz","__v":0},{"read":false,"_id":"5dbae83dd84d8c3e8c62a007","genre":"Escavadeira","title":"Bernardo","author":"Avestruz","__v":0},{"read":false,"_id":"5dbae841d84d8c3e8c62a008","genre":"Escavadeira","title":"Bernardo","author":"Avestruz","__v":0},{"read":false,"_id":"5dbae844d84d8c3e8c62a009","genre":"Romance","title":"Dom Casmurro","author":"Machado de Assis","__v":0},{"read":false,"_id":"5dbae845d84d8c3e8c62a00a","genre":"Comic","title":"sad","author":"writer","__v":0},{"read":false,"_id":"5dbae845d84d8c3e8c62a00b","genre":"Escavadeira","title":"Bernardo","author":"Avestruz","__v":0},{"read":false,"_id":"5dbae84ad84d8c3e8c62a00d","genre":"Terror","title":"IT_A_Coisa","author":"Stephen King","__v":0},{"read":false,"_id":"5dbae84bd84d8c3e8c62a00e","genre":"Romance","title":"Dom Casmurro","author":"Machado de Assis","__v":0},{"read":true,"_id":"5dbae84bd84d8c3e8c62a00f","genre":"Terror","title":"Dom do murro","author":"Machado de dois gumes","__v":0},{"read":false,"_id":"5dbae863d84d8c3e8c62a010","genre":"Romance","title":"Dom Casmurro","author":"Machado de Assis","__v":0},{"read":true,"_id":"5dbae864d84d8c3e8c62a011","genre":"Terror","title":"Dom do murro","author":"Machado de dois gumes","__v":0},{"read":false,"_id":"5dbae884d84d8c3e8c62a012","genre":"Romance","title":"Dom Casmurro","author":"Machado de Assis","__v":0},{"read":false,"_id":"5dbae885d84d8c3e8c62a013","genre":"Comic","title":"sad","author":"writer","__v":0},{"read":false,"_id":"5dbae890d84d8c3e8c62a015","genre":"Romance","title":"Dom Casmurro","author":"Machado de Assis","__v":0},{"read":false,"_id":"5dbae8a7d84d8c3e8c62a016","genre":"Terror","title":"IT_A_Coisa","author":"Stephen King","__v":0},{"read":false,"_id":"5dbae8afd84d8c3e8c62a017","genre":"Romance","title":"Dom Casmurro","author":"Machado de Assis","__v":0},{"read":true,"_id":"5dbae8c9d84d8c3e8c62a018","genre":"Fic\xc3\xa7\xc3\xa3o","title":"O Pequeno Pr\xc3\xadncipe","author":"Antoine de Saint-Exup\xc3\xa9ry","__v":0},{"read":true,"_id":"5dbae8e5d84d8c3e8c62a019","genre":"Fic\xc3\xa7\xc3\xa3o","title":"O Pequeno Pr\xc3\xadncipe","author":"Antoine de Saint-Exup\xc3\xa9ry","__v":0},{"read":true,"_id":"5dbae8f5d84d8c3e8c62a01a","genre":"Genero1","title":"Titulo1","author":"Author1","__v":0},{"read":false,"_id":"5dbae8f9d84d8c3e8c62a01b","genre":"Terror","title":"IT_A_Coisa","author":"Stephen King","__v":0},{"read":false,"_id":"5dbae925d84d8c3e8c62a01c","genre":"Terror","title":"IT_A_Coisa","author":"Stephen King","__v":0},{"read":false,"_id":"5dbae948d84d8c3e8c62a01d","genre":"Romance","title":"Dom Casmurro","author":"Machado de Assis","__v":0},{"read":false,"_id":"5dbae949d84d8c3e8c62a01e","genre":"Comic","title":"sad","author":"writer","__v":0},{"read":false,"_id":"5dbae94ad84d8c3e8c62a01f","genre":"Comic","title":"funny","author":"writer","__v":0},{"read":true,"_id":"5dbae954d84d8c3e8c62a020","genre":"Genero1","title":"Titulo1","author":"Author1","__v":0},{"read":false,"_id":"5dbae960d84d8c3e8c62a021","genre":"Escavadeira","title":"Bernardo","author":"Avestruz","__v":0},{"read":false,"_id":"5dbae963d84d8c3e8c62a022","genre":"Escavadeira","title":"Bernardo","author":"Avestruz","__v":0},{"read":false,"_id":"5dbae965d84d8c3e8c62a023","genre":"Escavadeira","title":"Bernardo","author":"Avestruz","__v":0},{"read":false,"_id":"5dbae96dd84d8c3e8c62a024","genre":"Escavadeira","title":"Bernardo","author":"Avestruz","__v":0},{"read":true,"_id":"5dbae97cd84d8c3e8c62a025","genre":"Genero1","title":"Titulo1","author":"Author1","__v":0},{"read":false,"_id":"5dbae985d84d8c3e8c62a026","genre":"Romance","title":"Dom Casmurro","author":"Machado de Assis","__v":0},{"read":false,"_id":"5dbae986d84d8c3e8c62a027","genre":"Comic","title":"sad","author":"writer","__v":0},{"read":false,"_id":"5dbae9c0d84d8c3e8c62a029","genre":"generofabio","title":"titulofabio","author":"autorfabio","__v":0},{"read":true,"_id":"5dbae9cdd84d8c3e8c62a02a","genre":"Fic\xc3\xa7\xc3\xa3o","title":"O Pequeno Pr\xc3\xadncipe","author":"Antoine de Saint-Exup\xc3\xa9ry","__v":0},{"read":false,"_id":"5dbae9dfd84d8c3e8c62a02b","genre":"Escavadeira","title":"Bernardo","author":"Avestruz","__v":0},{"read":true,"_id":"5dbae9e2d84d8c3e8c62a02c","genre":"UPDATE","title":"UPDATE","author":"UPDATE","__v":0},{"read":false,"_id":"5dbae9e9d84d8c3e8c62a02e","genre":"Escavadeira","title":"Bernardo","author":"Avestruz","__v":0},{"read":true,"_id":"5dbae9ead84d8c3e8c62a02f","genre":"Fic\xc3\xa7\xc3\xa3o","title":"O Pequeno Pr\xc3\xadncipe","author":"Antoine de Saint-Exup\xc3\xa9ry","__v":0},{"read":false,"_id":"5dbaea0fd84d8c3e8c62a030","genre":"generofabio","title":"titulofabio","author":"autorfabio","__v":0},{"read":false,"_id":"5dbaea1bd84d8c3e8c62a031","genre":"Escavadeira","title":"Bernardo","author":"Avestruz","__v":0},{"read":true,"_id":"5dbaea1cd84d8c3e8c62a032","genre":"UPDATE","title":"UPDATE","author":"UPDATE","__v":0},{"read":false,"_id":"5dbaea27d84d8c3e8c62a034","genre":"Escavadeira","title":"Bernardo","author":"Avestruz","__v":0},{"read":false,"_id":"5dbaea47d84d8c3e8c62a035","genre":"generofabio","title":"titulofabio","author":"autorfabio","__v":0}]</msg>
<status status="PASS" starttime="20191031 11:06:17.854" endtime="20191031 11:06:17.909"></status>
</kw>
<kw name="Set Global Variable" library="BuiltIn">
<doc>Makes a variable available globally in all tests and suites.</doc>
<arguments>
<arg>${RESPONSE}</arg>
</arguments>
<msg timestamp="20191031 11:06:17.910" level="INFO">${RESPONSE} = &lt;Response [200]&gt;</msg>
<status status="PASS" starttime="20191031 11:06:17.909" endtime="20191031 11:06:17.910"></status>
</kw>
<status status="PASS" starttime="20191031 11:06:10.189" endtime="20191031 11:06:17.910"></status>
</kw>
<kw name="Then I should receive the response code" library="resource">
<kw name="Should Be Equal As Integers" library="BuiltIn">
<doc>Fails if objects are unequal after converting them to integers.</doc>
<arguments>
<arg>${RESPONSE.status_code}</arg>
<arg>${RESPONSE_CODE}</arg>
</arguments>
<msg timestamp="20191031 11:06:17.913" level="INFO">Argument types are:
&lt;class 'int'&gt;
&lt;type 'unicode'&gt;</msg>
<status status="PASS" starttime="20191031 11:06:17.913" endtime="20191031 11:06:17.913"></status>
</kw>
<status status="PASS" starttime="20191031 11:06:17.913" endtime="20191031 11:06:17.913"></status>
</kw>
<status status="PASS" starttime="20191031 11:06:10.185" endtime="20191031 11:06:17.918" critical="yes"></status>
</test>
<test id="s1-t2" name="Scenario: API Create a new book">
<kw name="Given I'm the API consumer" library="resource">
<kw name="Create Session" library="RequestsLibrary">
<doc>Create Session: create a HTTP session to a server</doc>
<arguments>
<arg>API</arg>
<arg>${URL}</arg>
</arguments>
<msg timestamp="20191031 11:06:17.925" level="INFO">Creating Session using : alias=API, url=http://namstest.got.volvo.net:4000/api, headers={},                     cookies=None, auth=None, timeout=None, proxies=None, verify=False,                     debug=0 </msg>
<status status="PASS" starttime="20191031 11:06:17.925" endtime="20191031 11:06:17.927"></status>
</kw>
<status status="PASS" starttime="20191031 11:06:17.923" endtime="20191031 11:06:17.928"></status>
</kw>
<kw name="When I try to post to the endpoint using the new data" library="resource">
<kw name="Post Request" library="RequestsLibrary">
<doc>Send a POST request on the session object found using the
given `alias`</doc>
<arguments>
<arg>API</arg>
<arg>books</arg>
<arg>data=${NEW_BOOK}</arg>
<arg>headers=${HEADERS}</arg>
</arguments>
<assign>
<var>${RESPONSE}</var>
</assign>
<msg timestamp="20191031 11:06:18.853" level="INFO">Post Request using : alias=API, uri=books, data={"read":false,"genre":"Escavadeira","title":"Bernardo","author":"Avestruz"}, headers={'Content-Type': 'application/json'}, files=None, allow_redirects=True </msg>
<msg timestamp="20191031 11:06:18.854" level="INFO">${RESPONSE} = &lt;Response [200]&gt;</msg>
<status status="PASS" starttime="20191031 11:06:17.933" endtime="20191031 11:06:18.854"></status>
</kw>
<kw name="Log" library="BuiltIn">
<doc>Logs the given message with the given level.</doc>
<arguments>
<arg>${RESPONSE.content}</arg>
</arguments>
<msg timestamp="20191031 11:06:18.856" level="INFO">{"read":false,"_id":"5dbaea5ad84d8c3e8c62a036","genre":"Escavadeira","title":"Bernardo","author":"Avestruz"}</msg>
<status status="PASS" starttime="20191031 11:06:18.854" endtime="20191031 11:06:18.857"></status>
</kw>
<kw name="Set Global Variable" library="BuiltIn">
<doc>Makes a variable available globally in all tests and suites.</doc>
<arguments>
<arg>${RESPONSE}</arg>
</arguments>
<msg timestamp="20191031 11:06:18.859" level="INFO">${RESPONSE} = &lt;Response [200]&gt;</msg>
<status status="PASS" starttime="20191031 11:06:18.857" endtime="20191031 11:06:18.859"></status>
</kw>
<status status="PASS" starttime="20191031 11:06:17.930" endtime="20191031 11:06:18.859"></status>
</kw>
<kw name="Then I should receive at json path containing &quot;Escavadeira&quot;" library="resource">
<kw name="Get Value From Json" library="JSONLibrary">
<doc>Get Value From JSON using JSONPath</doc>
<arguments>
<arg>${RESPONSE.json()}</arg>
<arg>${COMPARE_PATH}</arg>
</arguments>
<assign>
<var>${VALUE}</var>
</assign>
<msg timestamp="20191031 11:06:19.019" level="INFO">${VALUE} = ['Escavadeira']</msg>
<status status="PASS" starttime="20191031 11:06:18.863" endtime="20191031 11:06:19.019"></status>
</kw>
<kw name="Convert To String" library="BuiltIn">
<doc>Converts the given item to a Unicode string.</doc>
<arguments>
<arg>${VALUE}</arg>
</arguments>
<assign>
<var>${VALUE}</var>
</assign>
<msg timestamp="20191031 11:06:19.019" level="INFO">${VALUE} = ['Escavadeira']</msg>
<status status="PASS" starttime="20191031 11:06:19.019" endtime="20191031 11:06:19.019"></status>
</kw>
<kw name="Should Contain" library="BuiltIn">
<doc>Fails if ``container`` does not contain ``item`` one or more times.</doc>
<arguments>
<arg>${VALUE}</arg>
<arg>${TEXT}</arg>
</arguments>
<status status="PASS" starttime="20191031 11:06:19.019" endtime="20191031 11:06:19.023"></status>
</kw>
<status status="PASS" starttime="20191031 11:06:18.862" endtime="20191031 11:06:19.023"></status>
</kw>
<kw name="And I should receive the response code" library="resource">
<kw name="Should Be Equal As Integers" library="BuiltIn">
<doc>Fails if objects are unequal after converting them to integers.</doc>
<arguments>
<arg>${RESPONSE.status_code}</arg>
<arg>${RESPONSE_CODE}</arg>
</arguments>
<msg timestamp="20191031 11:06:19.024" level="INFO">Argument types are:
&lt;class 'int'&gt;
&lt;type 'unicode'&gt;</msg>
<status status="PASS" starttime="20191031 11:06:19.024" endtime="20191031 11:06:19.025"></status>
</kw>
<status status="PASS" starttime="20191031 11:06:19.024" endtime="20191031 11:06:19.025"></status>
</kw>
<status status="PASS" starttime="20191031 11:06:17.922" endtime="20191031 11:06:19.026" critical="yes"></status>
</test>
<test id="s1-t3" name="Scenario: API Update/Put a new book">
<kw name="Given I'm the API consumer" library="resource">
<kw name="Create Session" library="RequestsLibrary">
<doc>Create Session: create a HTTP session to a server</doc>
<arguments>
<arg>API</arg>
<arg>${URL}</arg>
</arguments>
<msg timestamp="20191031 11:06:19.030" level="INFO">Creating Session using : alias=API, url=http://namstest.got.volvo.net:4000/api, headers={},                     cookies=None, auth=None, timeout=None, proxies=None, verify=False,                     debug=0 </msg>
<status status="PASS" starttime="20191031 11:06:19.030" endtime="20191031 11:06:19.030"></status>
</kw>
<status status="PASS" starttime="20191031 11:06:19.029" endtime="20191031 11:06:19.030"></status>
</kw>
<kw name="When I try to post to the endpoint using the new data" library="resource">
<kw name="Post Request" library="RequestsLibrary">
<doc>Send a POST request on the session object found using the
given `alias`</doc>
<arguments>
<arg>API</arg>
<arg>books</arg>
<arg>data=${NEW_BOOK}</arg>
<arg>headers=${HEADERS}</arg>
</arguments>
<assign>
<var>${RESPONSE}</var>
</assign>
<msg timestamp="20191031 11:06:19.676" level="INFO">Post Request using : alias=API, uri=books, data={"read":false,"genre":"Escavadeira","title":"Bernardo","author":"Avestruz"}, headers={'Content-Type': 'application/json'}, files=None, allow_redirects=True </msg>
<msg timestamp="20191031 11:06:19.676" level="INFO">${RESPONSE} = &lt;Response [200]&gt;</msg>
<status status="PASS" starttime="20191031 11:06:19.033" endtime="20191031 11:06:19.676"></status>
</kw>
<kw name="Log" library="BuiltIn">
<doc>Logs the given message with the given level.</doc>
<arguments>
<arg>${RESPONSE.content}</arg>
</arguments>
<msg timestamp="20191031 11:06:19.681" level="INFO">{"read":false,"_id":"5dbaea5bd84d8c3e8c62a037","genre":"Escavadeira","title":"Bernardo","author":"Avestruz"}</msg>
<status status="PASS" starttime="20191031 11:06:19.676" endtime="20191031 11:06:19.681"></status>
</kw>
<kw name="Set Global Variable" library="BuiltIn">
<doc>Makes a variable available globally in all tests and suites.</doc>
<arguments>
<arg>${RESPONSE}</arg>
</arguments>
<msg timestamp="20191031 11:06:19.681" level="INFO">${RESPONSE} = &lt;Response [200]&gt;</msg>
<status status="PASS" starttime="20191031 11:06:19.681" endtime="20191031 11:06:19.685"></status>
</kw>
<status status="PASS" starttime="20191031 11:06:19.032" endtime="20191031 11:06:19.685"></status>
</kw>
<kw name="Then I should receive the response code" library="resource">
<kw name="Should Be Equal As Integers" library="BuiltIn">
<doc>Fails if objects are unequal after converting them to integers.</doc>
<arguments>
<arg>${RESPONSE.status_code}</arg>
<arg>${RESPONSE_CODE}</arg>
</arguments>
<msg timestamp="20191031 11:06:19.687" level="INFO">Argument types are:
&lt;class 'int'&gt;
&lt;type 'unicode'&gt;</msg>
<status status="PASS" starttime="20191031 11:06:19.687" endtime="20191031 11:06:19.687"></status>
</kw>
<status status="PASS" starttime="20191031 11:06:19.687" endtime="20191031 11:06:19.687"></status>
</kw>
<kw name="Given I persist the JSON field at variable ITEM_ID" library="resource">
<kw name="Get Value From Json" library="JSONLibrary">
<doc>Get Value From JSON using JSONPath</doc>
<arguments>
<arg>${RESPONSE.json()}</arg>
<arg>${JSON_PATH}</arg>
</arguments>
<assign>
<var>${VALUE}</var>
</assign>
<msg timestamp="20191031 11:06:19.825" level="INFO">${VALUE} = ['5dbaea5bd84d8c3e8c62a037']</msg>
<status status="PASS" starttime="20191031 11:06:19.693" endtime="20191031 11:06:19.825"></status>
</kw>
<kw name="Set Global Variable" library="BuiltIn">
<doc>Makes a variable available globally in all tests and suites.</doc>
<arguments>
<arg>${ITEM_ID}</arg>
<arg>${VALUE[0]}</arg>
</arguments>
<msg timestamp="20191031 11:06:19.826" level="INFO">${ITEM_ID} = 5dbaea5bd84d8c3e8c62a037</msg>
<status status="PASS" starttime="20191031 11:06:19.825" endtime="20191031 11:06:19.826"></status>
</kw>
<status status="PASS" starttime="20191031 11:06:19.692" endtime="20191031 11:06:19.826"></status>
</kw>
<kw name="When I try to put to the endpoint to the item at variable ITEM_ID using the new data" library="resource">
<kw name="Put Request" library="RequestsLibrary">
<doc>Send a PUT request on the session object found using the
given `alias`</doc>
<arguments>
<arg>API</arg>
<arg>${ENDPOINT}/${ITEM_ID}</arg>
<arg>data=${UPDATE_BOOK}</arg>
<arg>headers=${HEADERS}</arg>
</arguments>
<assign>
<var>${RESPONSE}</var>
</assign>
<msg timestamp="20191031 11:06:20.531" level="INFO">Put Request using : alias=API, uri=books/5dbaea5bd84d8c3e8c62a037, data={"read":true,"genre":"UPDATE","title":"UPDATE","author":"UPDATE"},                     headers={'Content-Type': 'application/json'}, allow_redirects=True </msg>
<msg timestamp="20191031 11:06:20.532" level="INFO">${RESPONSE} = &lt;Response [200]&gt;</msg>
<status status="PASS" starttime="20191031 11:06:19.829" endtime="20191031 11:06:20.532"></status>
</kw>
<kw name="Log" library="BuiltIn">
<doc>Logs the given message with the given level.</doc>
<arguments>
<arg>${RESPONSE.content}</arg>
</arguments>
<msg timestamp="20191031 11:06:20.533" level="INFO">{"read":true,"_id":"5dbaea5bd84d8c3e8c62a037","genre":"UPDATE","title":"UPDATE","author":"UPDATE","__v":0}</msg>
<status status="PASS" starttime="20191031 11:06:20.533" endtime="20191031 11:06:20.533"></status>
</kw>
<kw name="Set Global Variable" library="BuiltIn">
<doc>Makes a variable available globally in all tests and suites.</doc>
<arguments>
<arg>${RESPONSE}</arg>
</arguments>
<msg timestamp="20191031 11:06:20.533" level="INFO">${RESPONSE} = &lt;Response [200]&gt;</msg>
<status status="PASS" starttime="20191031 11:06:20.533" endtime="20191031 11:06:20.537"></status>
</kw>
<status status="PASS" starttime="20191031 11:06:19.828" endtime="20191031 11:06:20.537"></status>
</kw>
<kw name="Then I should receive the response code" library="resource">
<kw name="Should Be Equal As Integers" library="BuiltIn">
<doc>Fails if objects are unequal after converting them to integers.</doc>
<arguments>
<arg>${RESPONSE.status_code}</arg>
<arg>${RESPONSE_CODE}</arg>
</arguments>
<msg timestamp="20191031 11:06:20.540" level="INFO">Argument types are:
&lt;class 'int'&gt;
&lt;type 'unicode'&gt;</msg>
<status status="PASS" starttime="20191031 11:06:20.540" endtime="20191031 11:06:20.540"></status>
</kw>
<status status="PASS" starttime="20191031 11:06:20.539" endtime="20191031 11:06:20.540"></status>
</kw>
<status status="PASS" starttime="20191031 11:06:19.028" endtime="20191031 11:06:20.543" critical="yes"></status>
</test>
<test id="s1-t4" name="Scenario: API Delete a book">
<kw name="Given I'm the API consumer" library="resource">
<kw name="Create Session" library="RequestsLibrary">
<doc>Create Session: create a HTTP session to a server</doc>
<arguments>
<arg>API</arg>
<arg>${URL}</arg>
</arguments>
<msg timestamp="20191031 11:06:20.552" level="INFO">Creating Session using : alias=API, url=http://namstest.got.volvo.net:4000/api, headers={},                     cookies=None, auth=None, timeout=None, proxies=None, verify=False,                     debug=0 </msg>
<status status="PASS" starttime="20191031 11:06:20.550" endtime="20191031 11:06:20.552"></status>
</kw>
<status status="PASS" starttime="20191031 11:06:20.550" endtime="20191031 11:06:20.552"></status>
</kw>
<kw name="When I try to post to the endpoint using the new data" library="resource">
<kw name="Post Request" library="RequestsLibrary">
<doc>Send a POST request on the session object found using the
given `alias`</doc>
<arguments>
<arg>API</arg>
<arg>books</arg>
<arg>data=${NEW_BOOK}</arg>
<arg>headers=${HEADERS}</arg>
</arguments>
<assign>
<var>${RESPONSE}</var>
</assign>
<msg timestamp="20191031 11:06:21.988" level="INFO">Post Request using : alias=API, uri=books, data={"read":false,"genre":"Escavadeira","title":"Bernardo","author":"Avestruz"}, headers={'Content-Type': 'application/json'}, files=None, allow_redirects=True </msg>
<msg timestamp="20191031 11:06:21.988" level="INFO">${RESPONSE} = &lt;Response [200]&gt;</msg>
<status status="PASS" starttime="20191031 11:06:20.556" endtime="20191031 11:06:21.988"></status>
</kw>
<kw name="Log" library="BuiltIn">
<doc>Logs the given message with the given level.</doc>
<arguments>
<arg>${RESPONSE.content}</arg>
</arguments>
<msg timestamp="20191031 11:06:21.988" level="INFO">{"read":false,"_id":"5dbaea5dd84d8c3e8c62a038","genre":"Escavadeira","title":"Bernardo","author":"Avestruz"}</msg>
<status status="PASS" starttime="20191031 11:06:21.988" endtime="20191031 11:06:21.992"></status>
</kw>
<kw name="Set Global Variable" library="BuiltIn">
<doc>Makes a variable available globally in all tests and suites.</doc>
<arguments>
<arg>${RESPONSE}</arg>
</arguments>
<msg timestamp="20191031 11:06:21.994" level="INFO">${RESPONSE} = &lt;Response [200]&gt;</msg>
<status status="PASS" starttime="20191031 11:06:21.992" endtime="20191031 11:06:21.995"></status>
</kw>
<status status="PASS" starttime="20191031 11:06:20.555" endtime="20191031 11:06:21.995"></status>
</kw>
<kw name="Then I should receive the response code" library="resource">
<kw name="Should Be Equal As Integers" library="BuiltIn">
<doc>Fails if objects are unequal after converting them to integers.</doc>
<arguments>
<arg>${RESPONSE.status_code}</arg>
<arg>${RESPONSE_CODE}</arg>
</arguments>
<msg timestamp="20191031 11:06:21.998" level="INFO">Argument types are:
&lt;class 'int'&gt;
&lt;type 'unicode'&gt;</msg>
<status status="PASS" starttime="20191031 11:06:21.998" endtime="20191031 11:06:21.998"></status>
</kw>
<status status="PASS" starttime="20191031 11:06:21.997" endtime="20191031 11:06:21.998"></status>
</kw>
<kw name="Given I persist the JSON field at variable ITEM_ID" library="resource">
<kw name="Get Value From Json" library="JSONLibrary">
<doc>Get Value From JSON using JSONPath</doc>
<arguments>
<arg>${RESPONSE.json()}</arg>
<arg>${JSON_PATH}</arg>
</arguments>
<assign>
<var>${VALUE}</var>
</assign>
<msg timestamp="20191031 11:06:22.163" level="INFO">${VALUE} = ['5dbaea5dd84d8c3e8c62a038']</msg>
<status status="PASS" starttime="20191031 11:06:22.003" endtime="20191031 11:06:22.163"></status>
</kw>
<kw name="Set Global Variable" library="BuiltIn">
[...]
genre":"Romance","title":"Dom Casmurro","author":"Machado de Assis","__v":0},{"read":false,"_id":"5dbae1c6d84d8c3e8c629fa2","genre":"Terror","title":"IT_A_Coisa","author":"Stephen King","__v":0},{"read":false,"_id":"5dbae1d6d84d8c3e8c629fa3","genre":"Romance","title":"Dom Casmurro","author":"Machado de Assis","__v":0},{"read":false,"_id":"5dbae1d6d84d8c3e8c629fa4","genre":"Comic","title":"sad","author":"writer","__v":0},{"read":false,"_id":"5dbae1f6d84d8c3e8c629fa5","genre":"Romance","title":"Dom Casmurro","author":"Machado de Assis","__v":0},{"read":false,"_id":"5dbae1f7d84d8c3e8c629fa6","genre":"generofabio","title":"titulofabiosekikawa","author":"autorfabio","__v":0},{"read":false,"_id":"5dbae1fad84d8c3e8c629fa7","genre":"Terror","title":"IT_A_Coisa","author":"Stephen King","__v":0},{"read":false,"_id":"5dbae227d84d8c3e8c629fa8","genre":"Romance","title":"Dom Casmurro","author":"Machado de Assis","__v":0},{"read":false,"_id":"5dbae228d84d8c3e8c629fa9","genre":"Comic","title":"sad","author":"writer","__v":0},{"read":false,"_id":"5dbae22fd84d8c3e8c629faa","genre":"Romance","title":"Dom Casmurro","author":"Machado de Assis","__v":0},{"read":false,"_id":"5dbae230d84d8c3e8c629fab","genre":"Terror","title":"Dom do murro","author":"Machado de dois gumes","__v":0},{"read":false,"_id":"5dbae231d84d8c3e8c629fac","genre":"Romance","title":"Dom Casmurro","author":"Machado de Assis","__v":0},{"read":false,"_id":"5dbae232d84d8c3e8c629fad","genre":"generofabio","title":"titulofabiosekikawa","author":"autorfabio","__v":0},{"read":false,"_id":"5dbae24ed84d8c3e8c629fae","genre":"Romance","title":"Dom Casmurro","author":"Machado de Assis","__v":0},{"read":false,"_id":"5dbae250d84d8c3e8c629faf","genre":"Terror","title":"Dom do murro","author":"Machado de dois gumes","__v":0},{"read":false,"_id":"5dbae269d84d8c3e8c629fb0","genre":"Romance","title":"Dom Casmurro","author":"Machado de Assis","__v":0},{"read":false,"_id":"5dbae26dd84d8c3e8c629fb1","genre":"Romance","title":"Dom Casmurro","author":"Machado de Assis","__v":0},{"read":false,"_id":"5dbae26ed84d8c3e8c629fb2","genre":"Comic","title":"sad","author":"writer","__v":0},{"read":false,"_id":"5dbae279d84d8c3e8c629fb3","genre":"Romance","title":"Dom Casmurro","author":"Machado de Assis","__v":0},{"read":false,"_id":"5dbae279d84d8c3e8c629fb4","genre":"Terror","title":"Dom do murro","author":"Machado de dois gumes","__v":0},{"read":false,"_id":"5dbae2b0d84d8c3e8c629fb5","genre":"Romance","title":"Dom Casmurro","author":"Machado de Assis","__v":0},{"read":false,"_id":"5dbae2cdd84d8c3e8c629fb6","genre":"Romance","title":"Dom Casmurro","author":"Machado de Assis","__v":0},{"read":false,"_id":"5dbae2ddd84d8c3e8c629fb7","genre":"Romance","title":"Dom Casmurro","author":"Machado de Assis","__v":0},{"read":false,"_id":"5dbae2ddd84d8c3e8c629fb8","genre":"generofabio","title":"titulofabiosekikawa","author":"autorfabio","__v":0},{"read":false,"_id":"5dbae2f2d84d8c3e8c629fb9","genre":"Romance","title":"Dom Casmurro","author":"Machado de Assis","__v":0},{"read":false,"_id":"5dbae2f3d84d8c3e8c629fba","genre":"generofabio","title":"titulofabiosekikawa","author":"autorfabio","__v":0},{"read":false,"_id":"5dbae324d84d8c3e8c629fbb","genre":"Romance","title":"Dom Casmurro","author":"Machado de Assis","__v":0},{"read":false,"_id":"5dbae324d84d8c3e8c629fbc","genre":"generofabio","title":"titulofabiosekikawa","author":"autorfabio","__v":0},{"read":false,"_id":"5dbae3b4d84d8c3e8c629fbd","genre":"Terror","title":"IT_A_Coisa","author":"Stephen King","__v":0},{"read":false,"_id":"5dbae3fcd84d8c3e8c629fbe","genre":"Romance","title":"Dom Casmurro","author":"Machado de Assis","__v":0},{"read":false,"_id":"5dbae3fdd84d8c3e8c629fbf","genre":"Comic","title":"sad","author":"writer","__v":0},{"read":false,"_id":"5dbae3fed84d8c3e8c629fc0","genre":"Romance","title":"Dom Casmurro","author":"Machado de Assis","__v":0},{"read":false,"_id":"5dbae41bd84d8c3e8c629fc1","genre":"Romance","title":"Dom Casmurro","author":"Machado de Assis","__v":0},{"read":false,"_id":"5dbae41cd84d8c3e8c629fc2","genre":"Terror","title":"Dom do murro","author":"Machado de dois gumes","__v":0},{"read":false,"_id":"5dbae474d84d8c3e8c629fc3","genre":"Romance","title":"Dom Casmurro","author":"Machado de Assis","__v":0},{"read":false,"_id":"5dbae475d84d8c3e8c629fc4","genre":"Terror","title":"Dom do murro","author":"Machado de dois gumes","__v":0},{"read":false,"_id":"5dbae4c1d84d8c3e8c629fc5","genre":"Romance","title":"Dom Casmurro","author":"Machado de Assis","__v":0},{"read":false,"_id":"5dbae4c2d84d8c3e8c629fc6","genre":"Comic","title":"sad","author":"writer","__v":0},{"read":false,"_id":"5dbae505d84d8c3e8c629fc7","genre":"Romance","title":"Dom Casmurro","author":"Machado de Assis","__v":0},{"read":true,"_id":"5dbae509d84d8c3e8c629fc8","genre":"Terror","title":"Dom do murro","author":"Machado de dois gumes","__v":0},{"read":false,"_id":"5dbae515d84d8c3e8c629fc9","genre":"Terror","title":"IT_A_Coisa","author":"Stephen King","__v":0},{"read":false,"_id":"5dbae546d84d8c3e8c629fca","genre":"Romance","title":"Dom Casmurro","author":"Machado de Assis","__v":0},{"read":false,"_id":"5dbae546d84d8c3e8c629fcb","genre":"generofabio","title":"titulofabiosekikawa","author":"autorfabio","__v":0},{"read":false,"_id":"5dbae582d84d8c3e8c629fcc","genre":"Terror","title":"IT_A_Coisa","author":"Stephen King","__v":0},{"read":false,"_id":"5dbae5b0d84d8c3e8c629fcd","genre":"Romance","title":"Dom Casmurro","author":"Machado de Assis","__v":0},{"read":false,"_id":"5dbae5c4d84d8c3e8c629fce","genre":"Escavadeira","title":"Bernardo","author":"Avestruz","__v":0},{"read":true,"_id":"5dbae5c5d84d8c3e8c629fcf","genre":"UPDATE","title":"UPDATE","author":"UPDATE","__v":0},{"read":false,"_id":"5dbae5c8d84d8c3e8c629fd1","genre":"Escavadeira","title":"Bernardo","author":"Avestruz","__v":0},{"read":false,"_id":"5dbae5f4d84d8c3e8c629fd2","genre":"Romance","title":"Dom Casmurro","author":"Machado de Assis","__v":0},{"read":false,"_id":"5dbae5f5d84d8c3e8c629fd3","genre":"Comic","title":"sad","author":"writer","__v":0},{"read":false,"_id":"5dbae606d84d8c3e8c629fd4","genre":"Romance","title":"Dom Casmurro","author":"Machado de Assis","__v":0},{"read":false,"_id":"5dbae607d84d8c3e8c629fd5","genre":"generofabio","title":"titulofabiosekikawa","author":"autorfabio","__v":0},{"read":false,"_id":"5dbae61ed84d8c3e8c629fd6","genre":"Terror","title":"IT_A_Coisa","author":"Stephen King","__v":0},{"read":false,"_id":"5dbae63ed84d8c3e8c629fd7","genre":"Escavadeira","title":"Bernardo","author":"Avestruz","__v":0},{"read":false,"_id":"5dbae63ed84d8c3e8c629fd8","genre":"Romance","title":"Dom Casmurro","author":"Machado de Assis","__v":0},{"read":true,"_id":"5dbae63fd84d8c3e8c629fd9","genre":"UPDATE","title":"UPDATE","author":"UPDATE","__v":0},{"read":false,"_id":"5dbae644d84d8c3e8c629fdb","genre":"Escavadeira","title":"Bernardo","author":"Avestruz","__v":0},{"read":false,"_id":"5dbae65fd84d8c3e8c629fdc","genre":"Romance","title":"Dom Casmurro","author":"Machado de Assis","__v":0},{"read":true,"_id":"5dbae660d84d8c3e8c629fdd","genre":"Action","title":"Hulk","author":"Stan","__v":0},{"read":false,"_id":"5dbae688d84d8c3e8c629fde","genre":"Romance","title":"Dom Casmurro","author":"Machado de Assis","__v":0},{"read":false,"_id":"5dbae689d84d8c3e8c629fdf","genre":"generofabio","title":"titulofabiosekikawa","author":"autorfabio","__v":0},{"read":false,"_id":"5dbae694d84d8c3e8c629fe0","genre":"Romance","title":"Dom Casmurro","author":"Machado de Assis","__v":0},{"read":true,"_id":"5dbae694d84d8c3e8c629fe1","genre":"Action","title":"Hulk","author":"Stan","__v":0},{"read":false,"_id":"5dbae6b2d84d8c3e8c629fe2","genre":"Terror","title":"IT_A_Coisa","author":"Stephen King","__v":0},{"read":false,"_id":"5dbae6c6d84d8c3e8c629fe3","genre":"Escavadeira","title":"Bernardo","author":"Avestruz","__v":0},{"read":true,"_id":"5dbae6c7d84d8c3e8c629fe4","genre":"UPDATE","title":"UPDATE","author":"UPDATE","__v":0},{"read":false,"_id":"5dbae6cbd84d8c3e8c629fe6","genre":"Escavadeira","title":"Bernardo","author":"Avestruz","__v":0},{"read":false,"_id":"5dbae6d4d84d8c3e8c629fe7","genre":"Romance","title":"A Cabana","author":"Machado de Assis","__v":0},{"read":false,"_id":"5dbae6f2d84d8c3e8c629fe8","genre":"Escavadeira","title":"Bernardo","author":"Avestruz","__v":0},{"read":true,"_id":"5dbae6f3d84d8c3e8c629fe9","genre":"UPDATE","title":"UPDATE","author":"UPDATE","__v":0},{"read":false,"_id":"5dbae6f6d84d8c3e8c629feb","genre":"Escavadeira","title":"Bernardo","author":"Avestruz","__v":0},{"read":false,"_id":"5dbae72ad84d8c3e8c629fec","genre":"Romance","title":"A Cabana","author":"Machado de Assis","__v":0},{"read":false,"_id":"5dbae746d84d8c3e8c629fed","genre":"Romance","title":"Dom Casmurro","author":"Machado de Assis","__v":0},{"read":false,"_id":"5dbae747d84d8c3e8c629fee","genre":"Comic","title":"sad","author":"writer","__v":0},{"read":false,"_id":"5dbae75bd84d8c3e8c629ff0","genre":"Escavadeira","title":"Bernardo","author":"Avestruz","__v":0},{"read":true,"_id":"5dbae75cd84d8c3e8c629ff1","genre":"UPDATE","title":"UPDATE","author":"UPDATE","__v":0},{"read":false,"_id":"5dbae768d84d8c3e8c629ff3","genre":"Escavadeira","title":"Bernardo","author":"Avestruz","__v":0},{"read":false,"_id":"5dbae76cd84d8c3e8c629ff4","genre":"Romance","title":"A Cabana","author":"Machado de Assis","__v":0},{"read":true,"_id":"5dbae76dd84d8c3e8c629ff5","genre":"string","title":"string","author":"string","__v":0},{"read":false,"_id":"5dbae77ed84d8c3e8c629ff6","genre":"Escavadeira","title":"Bernardo","author":"Avestruz","__v":0},{"read":true,"_id":"5dbae77fd84d8c3e8c629ff7","genre":"UPDATE","title":"UPDATE","author":"UPDATE","__v":0},{"read":false,"_id":"5dbae787d84d8c3e8c629ff9","genre":"Escavadeira","title":"Bernardo","author":"Avestruz","__v":0},{"read":false,"_id":"5dbae794d84d8c3e8c629ffa","genre":"Escavadeira","title":"Bernardo","author":"Avestruz","__v":0},{"read":true,"_id":"5dbae796d84d8c3e8c629ffb","genre":"UPDATE","title":"UPDATE","author":"UPDATE","__v":0},{"read":false,"_id":"5dbae7a1d84d8c3e8c629ffd","genre":"Escavadeira","title":"Bernardo","author":"Avestruz","__v":0},{"read":false,"_id":"5dbae7bad84d8c3e8c629ffe","genre":"Romance","title":"Dom Casmurro","author":"Machado de Assis","__v":0},{"read":false,"_id":"5dbae7bbd84d8c3e8c629fff","genre":"generofabio","title":"titulofabiosekikawa","author":"autorfabio","__v":0},{"read":false,"_id":"5dbae803d84d8c3e8c62a000","genre":"Romance","title":"Dom Casmurro","author":"Machado de Assis","__v":0},{"read":false,"_id":"5dbae804d84d8c3e8c62a001","genre":"generofabio","title":"titulofabiosekikawa","author":"autorfabio","__v":0},{"read":false,"_id":"5dbae822d84d8c3e8c62a002","genre":"Escavadeira","title":"Bernardo","author":"Avestruz","__v":0},{"read":false,"_id":"5dbae827d84d8c3e8c62a003","genre":"Escavadeira","title":"Bernardo","author":"Avestruz","__v":0},{"read":false,"_id":"5dbae829d84d8c3e8c62a004","genre":"Escavadeira","title":"Bernardo","author":"Avestruz","__v":0},{"read":false,"_id":"5dbae82fd84d8c3e8c62a005","genre":"Escavadeira","title":"Bernardo","author":"Avestruz","__v":0},{"read":false,"_id":"5dbae83bd84d8c3e8c62a006","genre":"Escavadeira","title":"Bernardo","author":"Avestruz","__v":0},{"read":false,"_id":"5dbae83dd84d8c3e8c62a007","genre":"Escavadeira","title":"Bernardo","author":"Avestruz","__v":0},{"read":false,"_id":"5dbae841d84d8c3e8c62a008","genre":"Escavadeira","title":"Bernardo","author":"Avestruz","__v":0},{"read":false,"_id":"5dbae844d84d8c3e8c62a009","genre":"Romance","title":"Dom Casmurro","author":"Machado de Assis","__v":0},{"read":false,"_id":"5dbae845d84d8c3e8c62a00a","genre":"Comic","title":"sad","author":"writer","__v":0},{"read":false,"_id":"5dbae845d84d8c3e8c62a00b","genre":"Escavadeira","title":"Bernardo","author":"Avestruz","__v":0},{"read":false,"_id":"5dbae84ad84d8c3e8c62a00d","genre":"Terror","title":"IT_A_Coisa","author":"Stephen King","__v":0},{"read":false,"_id":"5dbae84bd84d8c3e8c62a00e","genre":"Romance","title":"Dom Casmurro","author":"Machado de Assis","__v":0},{"read":true,"_id":"5dbae84bd84d8c3e8c62a00f","genre":"Terror","title":"Dom do murro","author":"Machado de dois gumes","__v":0},{"read":false,"_id":"5dbae863d84d8c3e8c62a010","genre":"Romance","title":"Dom Casmurro","author":"Machado de Assis","__v":0},{"read":true,"_id":"5dbae864d84d8c3e8c62a011","genre":"Terror","title":"Dom do murro","author":"Machado de dois gumes","__v":0},{"read":false,"_id":"5dbae884d84d8c3e8c62a012","genre":"Romance","title":"Dom Casmurro","author":"Machado de Assis","__v":0},{"read":false,"_id":"5dbae885d84d8c3e8c62a013","genre":"Comic","title":"sad","author":"writer","__v":0},{"read":false,"_id":"5dbae890d84d8c3e8c62a015","genre":"Romance","title":"Dom Casmurro","author":"Machado de Assis","__v":0},{"read":false,"_id":"5dbae8a7d84d8c3e8c62a016","genre":"Terror","title":"IT_A_Coisa","author":"Stephen King","__v":0},{"read":false,"_id":"5dbae8afd84d8c3e8c62a017","genre":"Romance","title":"Dom Casmurro","author":"Machado de Assis","__v":0},{"read":true,"_id":"5dbae8c9d84d8c3e8c62a018","genre":"Fic\xc3\xa7\xc3\xa3o","title":"O Pequeno Pr\xc3\xadncipe","author":"Antoine de Saint-Exup\xc3\xa9ry","__v":0},{"read":true,"_id":"5dbae8e5d84d8c3e8c62a019","genre":"Fic\xc3\xa7\xc3\xa3o","title":"O Pequeno Pr\xc3\xadncipe","author":"Antoine de Saint-Exup\xc3\xa9ry","__v":0},{"read":true,"_id":"5dbae8f5d84d8c3e8c62a01a","genre":"Genero1","title":"Titulo1","author":"Author1","__v":0},{"read":false,"_id":"5dbae8f9d84d8c3e8c62a01b","genre":"Terror","title":"IT_A_Coisa","author":"Stephen King","__v":0},{"read":false,"_id":"5dbae925d84d8c3e8c62a01c","genre":"Terror","title":"IT_A_Coisa","author":"Stephen King","__v":0},{"read":false,"_id":"5dbae948d84d8c3e8c62a01d","genre":"Romance","title":"Dom Casmurro","author":"Machado de Assis","__v":0},{"read":false,"_id":"5dbae949d84d8c3e8c62a01e","genre":"Comic","title":"sad","author":"writer","__v":0},{"read":false,"_id":"5dbae94ad84d8c3e8c62a01f","genre":"Comic","title":"funny","author":"writer","__v":0},{"read":true,"_id":"5dbae954d84d8c3e8c62a020","genre":"Genero1","title":"Titulo1","author":"Author1","__v":0},{"read":false,"_id":"5dbae960d84d8c3e8c62a021","genre":"Escavadeira","title":"Bernardo","author":"Avestruz","__v":0},{"read":false,"_id":"5dbae963d84d8c3e8c62a022","genre":"Escavadeira","title":"Bernardo","author":"Avestruz","__v":0},{"read":false,"_id":"5dbae965d84d8c3e8c62a023","genre":"Escavadeira","title":"Bernardo","author":"Avestruz","__v":0},{"read":false,"_id":"5dbae96dd84d8c3e8c62a024","genre":"Escavadeira","title":"Bernardo","author":"Avestruz","__v":0},{"read":true,"_id":"5dbae97cd84d8c3e8c62a025","genre":"Genero1","title":"Titulo1","author":"Author1","__v":0},{"read":false,"_id":"5dbae985d84d8c3e8c62a026","genre":"Romance","title":"Dom Casmurro","author":"Machado de Assis","__v":0},{"read":false,"_id":"5dbae986d84d8c3e8c62a027","genre":"Comic","title":"sad","author":"writer","__v":0},{"read":false,"_id":"5dbae9c0d84d8c3e8c62a029","genre":"generofabio","title":"titulofabio","author":"autorfabio","__v":0},{"read":true,"_id":"5dbae9cdd84d8c3e8c62a02a","genre":"Fic\xc3\xa7\xc3\xa3o","title":"O Pequeno Pr\xc3\xadncipe","author":"Antoine de Saint-Exup\xc3\xa9ry","__v":0},{"read":false,"_id":"5dbae9dfd84d8c3e8c62a02b","genre":"Escavadeira","title":"Bernardo","author":"Avestruz","__v":0},{"read":true,"_id":"5dbae9e2d84d8c3e8c62a02c","genre":"UPDATE","title":"UPDATE","author":"UPDATE","__v":0},{"read":false,"_id":"5dbae9e9d84d8c3e8c62a02e","genre":"Escavadeira","title":"Bernardo","author":"Avestruz","__v":0},{"read":true,"_id":"5dbae9ead84d8c3e8c62a02f","genre":"Fic\xc3\xa7\xc3\xa3o","title":"O Pequeno Pr\xc3\xadncipe","author":"Antoine de Saint-Exup\xc3\xa9ry","__v":0},{"read":false,"_id":"5dbaea0fd84d8c3e8c62a030","genre":"generofabio","title":"titulofabio","author":"autorfabio","__v":0},{"read":false,"_id":"5dbaea1bd84d8c3e8c62a031","genre":"Escavadeira","title":"Bernardo","author":"Avestruz","__v":0},{"read":true,"_id":"5dbaea1cd84d8c3e8c62a032","genre":"UPDATE","title":"UPDATE","author":"UPDATE","__v":0},{"read":false,"_id":"5dbaea27d84d8c3e8c62a034","genre":"Escavadeira","title":"Bernardo","author":"Avestruz","__v":0},{"read":false,"_id":"5dbaea47d84d8c3e8c62a035","genre":"generofabio","title":"titulofabio","author":"autorfabio","__v":0},{"read":false,"_id":"5dbaea5ad84d8c3e8c62a036","genre":"Escavadeira","title":"Bernardo","author":"Avestruz","__v":0},{"read":true,"_id":"5dbaea5bd84d8c3e8c62a037","genre":"UPDATE","title":"UPDATE","author":"UPDATE","__v":0}]</msg>
<status status="PASS" starttime="20191031 11:06:29.727" endtime="20191031 11:06:29.788"></status>
</kw>
<kw name="Should Be Equal As Integers" library="BuiltIn">
<doc>Fails if objects are unequal after converting them to integers.</doc>
<arguments>
<arg>${RESPONSE.status_code}</arg>
<arg>200</arg>
</arguments>
<msg timestamp="20191031 11:06:29.791" level="INFO">Argument types are:
&lt;class 'int'&gt;
&lt;type 'unicode'&gt;</msg>
<status status="PASS" starttime="20191031 11:06:29.790" endtime="20191031 11:06:29.791"></status>
</kw>
<status status="PASS" starttime="20191031 11:06:22.694" endtime="20191031 11:06:29.793" critical="yes"></status>
</test>
<test id="s1-t6" name="Create new book">
<kw name="Create Session" library="RequestsLibrary">
<doc>Create Session: create a HTTP session to a server</doc>
<arguments>
<arg>API</arg>
<arg>http://namstest.got.volvo.net:4000/api</arg>
</arguments>
<msg timestamp="20191031 11:06:29.797" level="INFO">Creating Session using : alias=API, url=http://namstest.got.volvo.net:4000/api, headers={},                     cookies=None, auth=None, timeout=None, proxies=None, verify=False,                     debug=0 </msg>
<status status="PASS" starttime="20191031 11:06:29.797" endtime="20191031 11:06:29.797"></status>
</kw>
<kw name="Post Request" library="RequestsLibrary">
<doc>Send a POST request on the session object found using the
given `alias`</doc>
<arguments>
<arg>API</arg>
<arg>books</arg>
<arg>data=${NEW_BOOK}</arg>
<arg>headers=${HEADERS}</arg>
</arguments>
<assign>
<var>${RESPONSE}</var>
</assign>
<msg timestamp="20191031 11:06:32.219" level="INFO">Post Request using : alias=API, uri=books, data={"read":false,"genre":"Escavadeira","title":"Bernardo","author":"Avestruz"}, headers={'Content-Type': 'application/json'}, files=None, allow_redirects=True </msg>
<msg timestamp="20191031 11:06:32.219" level="INFO">${RESPONSE} = &lt;Response [200]&gt;</msg>
<status status="PASS" starttime="20191031 11:06:29.803" endtime="20191031 11:06:32.219"></status>
</kw>
<kw name="Log" library="BuiltIn">
<doc>Logs the given message with the given level.</doc>
<arguments>
<arg>${RESPONSE.content}</arg>
</arguments>
<msg timestamp="20191031 11:06:32.222" level="INFO">{"read":false,"_id":"5dbaea67d84d8c3e8c62a039","genre":"Escavadeira","title":"Bernardo","author":"Avestruz"}</msg>
<status status="PASS" starttime="20191031 11:06:32.221" endtime="20191031 11:06:32.223"></status>
</kw>
<kw name="Should Be Equal As Integers" library="BuiltIn">
<doc>Fails if objects are unequal after converting them to integers.</doc>
<arguments>
<arg>${RESPONSE.status_code}</arg>
<arg>200</arg>
</arguments>
<msg timestamp="20191031 11:06:32.224" level="INFO">Argument types are:
&lt;class 'int'&gt;
&lt;type 'unicode'&gt;</msg>
<status status="PASS" starttime="20191031 11:06:32.223" endtime="20191031 11:06:32.224"></status>
</kw>
<status status="PASS" starttime="20191031 11:06:29.796" endtime="20191031 11:06:32.225" critical="yes"></status>
</test>
<doc>This test was writed in the BDD form
using Given, When, And, Then.</doc>
<status status="PASS" starttime="20191031 11:06:09.129" endtime="20191031 11:06:32.228"></status>
</suite>
<statistics>
<total>
<stat pass="6" fail="0">Critical Tests</stat>
<stat pass="6" fail="0">All Tests</stat>
</total>
<tag>
</tag>
<suite>
<stat pass="6" fail="0" id="s1" name="Api Test">Api Test</stat>
</suite>
</statistics>
<errors>
</errors>
</robot>
