<?xml version="1.0" encoding="UTF-8"?>
<robot generator="Robot 3.1.2 (Python 3.7.4 on win32)" generated="20191029 08:33:26.712" rpa="false">
<suite id="s1" name="Bdd Test" source="C:\RBF\exercise 01 - general\bdd_test.robot">
<test id="s1-t1" name="Search in Wikipedia for Test automation">
<kw name="Given I open the page &quot;https://www.wikipedia.org/&quot;" library="Resource">
<kw name="Open Browser" library="SeleniumLibrary">
<doc>Opens a new browser instance to the given ``url``.</doc>
<arguments>
<arg>${PAGE}</arg>
<arg>chrome</arg>
</arguments>
<msg timestamp="20191029 08:33:27.069" level="INFO">Opening browser 'chrome' to base url 'https://www.wikipedia.org/'.</msg>
<status status="PASS" starttime="20191029 08:33:27.069" endtime="20191029 08:33:33.177"></status>
</kw>
<kw name="Maximize Browser Window" library="SeleniumLibrary">
<doc>Maximizes current browser window.</doc>
<status status="PASS" starttime="20191029 08:33:33.178" endtime="20191029 08:33:34.365"></status>
</kw>
<status status="PASS" starttime="20191029 08:33:27.067" endtime="20191029 08:33:34.366"></status>
</kw>
<kw name="When I search for &quot;Test Automation&quot;" library="Resource">
<kw name="Input Text" library="SeleniumLibrary">
<doc>Types the given ``text`` into the text field identified by ``locator``.</doc>
<arguments>
<arg>id=searchInput</arg>
<arg>${TEXT}</arg>
</arguments>
<msg timestamp="20191029 08:33:34.374" level="INFO">Typing text 'Test Automation' into text field 'id=searchInput'.</msg>
<status status="PASS" starttime="20191029 08:33:34.374" endtime="20191029 08:33:34.689"></status>
</kw>
<kw name="Click Element" library="SeleniumLibrary">
<doc>Click the element identified by ``locator``.</doc>
<arguments>
<arg>//*[@id="search-form"]/fieldset/button/i</arg>
</arguments>
<msg timestamp="20191029 08:33:34.689" level="INFO">Clicking element '//*[@id="search-form"]/fieldset/button/i'.</msg>
<status status="PASS" starttime="20191029 08:33:34.689" endtime="20191029 08:33:36.856"></status>
</kw>
<status status="PASS" starttime="20191029 08:33:34.370" endtime="20191029 08:33:36.856"></status>
</kw>
<kw name="Then The result page should be regarding &quot;Test automation&quot;" library="Resource">
<kw name="Wait Until Page Contains Element" library="SeleniumLibrary">
<doc>Waits until the element ``locator`` appears on the current page.</doc>
<arguments>
<arg>id=firstHeading</arg>
</arguments>
<status status="PASS" starttime="20191029 08:33:36.860" endtime="20191029 08:33:37.041"></status>
</kw>
<kw name="Element Should Contain" library="SeleniumLibrary">
<doc>Verifies that element ``locator`` contains text ``expected``.</doc>
<arguments>
<arg>id=firstHeading</arg>
<arg>${RESULT}</arg>
</arguments>
<msg timestamp="20191029 08:33:37.191" level="INFO">Element 'id=firstHeading' contains text 'Test automation'.</msg>
<status status="PASS" starttime="20191029 08:33:37.041" endtime="20191029 08:33:37.191"></status>
</kw>
<kw name="Close Browser" library="SeleniumLibrary">
<doc>Closes the current browser.</doc>
<status status="PASS" starttime="20191029 08:33:37.191" endtime="20191029 08:33:39.519"></status>
</kw>
<status status="PASS" starttime="20191029 08:33:36.859" endtime="20191029 08:33:39.521"></status>
</kw>
<tags>
<tag>front_end</tag>
<tag>wikipedia</tag>
</tags>
<status status="PASS" starttime="20191029 08:33:27.065" endtime="20191029 08:33:39.523" critical="yes"></status>
</test>
<status status="PASS" starttime="20191029 08:33:26.714" endtime="20191029 08:33:39.528"></status>
</suite>
<statistics>
<total>
<stat pass="1" fail="0">Critical Tests</stat>
<stat pass="1" fail="0">All Tests</stat>
</total>
<tag>
<stat pass="1" fail="0">front_end</stat>
<stat pass="1" fail="0">wikipedia</stat>
</tag>
<suite>
<stat pass="1" fail="0" id="s1" name="Bdd Test">Bdd Test</stat>
</suite>
</statistics>
<errors>
</errors>
</robot>
