<?xml version="1.0" encoding="UTF-8"?>
<robot generator="Robot 3.1.2 (Python 3.7.4 on win32)" generated="20191030 08:32:11.956" rpa="false">
<suite id="s1" name="Final" source="C:\RBF\Teste_01\Tests\Final.robot">
<test id="s1-t1" name="Scenario: Automation Practice">
<kw name="Given the user will stay in HOME screen of the site Automation Practice" library="Final">
<kw name="Open Browser" library="Selenium2Library">
<doc>Opens a new browser instance to the given ``url``.</doc>
<arguments>
<arg>${URL}</arg>
<arg>${BROWSER}</arg>
</arguments>
<msg timestamp="20191030 08:32:12.750" level="INFO">Opening browser 'chrome' to base url 'http://automationpractice.com'.</msg>
<status status="PASS" starttime="20191030 08:32:12.749" endtime="20191030 08:32:24.740"></status>
</kw>
<status status="PASS" starttime="20191030 08:32:12.748" endtime="20191030 08:32:24.740"></status>
</kw>
<kw name="When the user to search &quot;Faded Short Sleeve T-shirts&quot;" library="Final">
<kw name="Input Text" library="Selenium2Library">
<doc>Types the given ``text`` into the text field identified by ``locator``.</doc>
<arguments>
<arg>${FIELD_SEARCH}</arg>
<arg>${SEARCH}</arg>
</arguments>
<msg timestamp="20191030 08:32:24.746" level="INFO">Typing text 'Faded Short Sleeve T-shirts' into text field 'xpath=//input[@id='search_query_top']'.</msg>
<status status="PASS" starttime="20191030 08:32:24.746" endtime="20191030 08:32:25.396"></status>
</kw>
<kw name="Sleep" library="BuiltIn">
<doc>Pauses the test executed for the given time.</doc>
<arguments>
<arg>2</arg>
</arguments>
<msg timestamp="20191030 08:32:27.401" level="INFO">Slept 2 seconds</msg>
<status status="PASS" starttime="20191030 08:32:25.396" endtime="20191030 08:32:27.401"></status>
</kw>
<kw name="Click Element" library="Selenium2Library">
<doc>Click the element identified by ``locator``.</doc>
<arguments>
<arg>${BTN_SEARCH}</arg>
</arguments>
<msg timestamp="20191030 08:32:27.402" level="INFO">Clicking element 'xpath=//button[@name='submit_search']'.</msg>
<status status="PASS" starttime="20191030 08:32:27.401" endtime="20191030 08:32:29.728"></status>
</kw>
<status status="PASS" starttime="20191030 08:32:24.745" endtime="20191030 08:32:29.728"></status>
</kw>
<kw name="And the user to click on the product for more details" library="Final">
<kw name="Click Element" library="Selenium2Library">
<doc>Click the element identified by ``locator``.</doc>
<arguments>
<arg>${MORE_SEARCH}</arg>
</arguments>
<msg timestamp="20191030 08:32:29.733" level="INFO">Clicking element 'xpath=//img[@title='Faded Short Sleeve T-shirts']'.</msg>
<status status="PASS" starttime="20191030 08:32:29.732" endtime="20191030 08:32:32.645"></status>
</kw>
<kw name="Sleep" library="BuiltIn">
<doc>Pauses the test executed for the given time.</doc>
<arguments>
<arg>2</arg>
</arguments>
<msg timestamp="20191030 08:32:34.649" level="INFO">Slept 2 seconds</msg>
<status status="PASS" starttime="20191030 08:32:32.645" endtime="20191030 08:32:34.649"></status>
</kw>
<status status="PASS" starttime="20191030 08:32:29.730" endtime="20191030 08:32:34.649"></status>
</kw>
<kw name="Then the search return with the result &quot;Faded Short Sleeve T-shirts&quot;" library="Final">
<kw name="Page Should Contain" library="Selenium2Library">
<doc>Verifies that current page contains ``text``.</doc>
<arguments>
<arg>${RESULT}</arg>
</arguments>
<msg timestamp="20191030 08:32:34.690" level="INFO">Current page contains text 'Faded Short Sleeve T-shirts'.</msg>
<status status="PASS" starttime="20191030 08:32:34.649" endtime="20191030 08:32:34.691"></status>
</kw>
<status status="PASS" starttime="20191030 08:32:34.649" endtime="20191030 08:32:34.691"></status>
</kw>
<kw name="And Close the browser" library="Final">
<kw name="Close Browser" library="Selenium2Library">
<doc>Closes the current browser.</doc>
<status status="PASS" starttime="20191030 08:32:34.692" endtime="20191030 08:32:37.823"></status>
</kw>
<status status="PASS" starttime="20191030 08:32:34.692" endtime="20191030 08:32:37.824"></status>
</kw>
<status status="PASS" starttime="20191030 08:32:12.746" endtime="20191030 08:32:37.825" critical="yes"></status>
</test>
<doc>This test was writed in the BDD form
using Given, When, And, Then.</doc>
<status status="PASS" starttime="20191030 08:32:11.964" endtime="20191030 08:32:37.832"></status>
</suite>
<statistics>
<total>
<stat pass="1" fail="0">Critical Tests</stat>
<stat pass="1" fail="0">All Tests</stat>
</total>
<tag>
</tag>
<suite>
<stat pass="1" fail="0" id="s1" name="Final">Final</stat>
</suite>
</statistics>
<errors>
</errors>
</robot>
